<?xml version="1.0" ?>
<!DOCTYPE coverage SYSTEM "http://cobertura.sourceforge.net/xml/coverage-04.dtd">
<coverage lines-valid="1804"  lines-covered="365"  line-rate="0.2023"  branches-valid="475"  branches-covered="5"  branch-rate="0.0105"  timestamp="1463668999538" complexity="0" version="0.1">
<sources>
	<source>/Users/cperry/Developer/GitRepos/rp-org-frontend</source>
</sources>
<packages>
	<package name="account"  line-rate="0.0741"  branch-rate="0" >
	<classes>
		<class name="nrgiNavBarLoginCtrl.js"  filename="public/app/account/nrgiNavBarLoginCtrl.js"  line-rate="0.07690000000000001"  branch-rate="0" >
		<methods>
			<method name="(anonymous_1)"  hits="0"  signature="()V" >
				<lines><line number="4"  hits="0" /></lines>
			</method>
			<method name="(anonymous_2)"  hits="0"  signature="()V" >
				<lines><line number="15"  hits="0" /></lines>
			</method>
			<method name="(anonymous_3)"  hits="0"  signature="()V" >
				<lines><line number="16"  hits="0" /></lines>
			</method>
			<method name="(anonymous_4)"  hits="0"  signature="()V" >
				<lines><line number="25"  hits="0" /></lines>
			</method>
			<method name="(anonymous_5)"  hits="0"  signature="()V" >
				<lines><line number="26"  hits="0" /></lines>
			</method>
		</methods>
		<lines>
			<line number="3"  hits="1"  branch="false" />
			<line number="13"  hits="0"  branch="false" />
			<line number="15"  hits="0"  branch="false" />
			<line number="16"  hits="0"  branch="false" />
			<line number="17"  hits="0"  branch="true"  condition-coverage="0% (0/2)" />
			<line number="18"  hits="0"  branch="false" />
			<line number="20"  hits="0"  branch="false" />
			<line number="25"  hits="0"  branch="false" />
			<line number="26"  hits="0"  branch="false" />
			<line number="27"  hits="0"  branch="false" />
			<line number="28"  hits="0"  branch="false" />
			<line number="29"  hits="0"  branch="false" />
			<line number="30"  hits="0"  branch="false" />
		</lines>
		</class>
		<class name="nrgiProfileCtrl.js"  filename="public/app/account/nrgiProfileCtrl.js"  line-rate="0.07139999999999999"  branch-rate="0" >
		<methods>
			<method name="(anonymous_1)"  hits="0"  signature="()V" >
				<lines><line number="4"  hits="0" /></lines>
			</method>
			<method name="(anonymous_2)"  hits="0"  signature="()V" >
				<lines><line number="18"  hits="0" /></lines>
			</method>
			<method name="(anonymous_3)"  hits="0"  signature="()V" >
				<lines><line number="30"  hits="0" /></lines>
			</method>
			<method name="(anonymous_4)"  hits="0"  signature="()V" >
				<lines><line number="32"  hits="0" /></lines>
			</method>
		</methods>
		<lines>
			<line number="3"  hits="1"  branch="false" />
			<line number="11"  hits="0"  branch="false" />
			<line number="12"  hits="0"  branch="false" />
			<line number="13"  hits="0"  branch="false" />
			<line number="14"  hits="0"  branch="false" />
			<line number="15"  hits="0"  branch="false" />
			<line number="16"  hits="0"  branch="false" />
			<line number="18"  hits="0"  branch="false" />
			<line number="20"  hits="0"  branch="false" />
			<line number="26"  hits="0"  branch="true"  condition-coverage="0% (0/4)" />
			<line number="27"  hits="0"  branch="false" />
			<line number="30"  hits="0"  branch="false" />
			<line number="31"  hits="0"  branch="false" />
			<line number="33"  hits="0"  branch="false" />
		</lines>
		</class>
	</classes>
	</package>
	<package name="admin.commodities"  line-rate="0.1304"  branch-rate="1" >
	<classes>
		<class name="nrgCommodityAdminCtrl.js"  filename="public/app/admin/commodities/nrgCommodityAdminCtrl.js"  line-rate="0.3333"  branch-rate="1" >
		<methods>
			<method name="(anonymous_1)"  hits="0"  signature="()V" >
				<lines><line number="2"  hits="0" /></lines>
			</method>
			<method name="(anonymous_2)"  hits="0"  signature="()V" >
				<lines><line number="3"  hits="0" /></lines>
			</method>
		</methods>
		<lines>
			<line number="1"  hits="1"  branch="false" />
			<line number="3"  hits="0"  branch="false" />
			<line number="4"  hits="0"  branch="false" />
		</lines>
		</class>
		<class name="nrgiCommodityAdminCreateCtrl.js"  filename="public/app/admin/commodities/nrgiCommodityAdminCreateCtrl.js"  line-rate="0.1429"  branch-rate="1" >
		<methods>
			<method name="(anonymous_1)"  hits="0"  signature="()V" >
				<lines><line number="2"  hits="0" /></lines>
			</method>
			<method name="(anonymous_2)"  hits="0"  signature="()V" >
				<lines><line number="10"  hits="0" /></lines>
			</method>
			<method name="(anonymous_3)"  hits="0"  signature="()V" >
				<lines><line number="11"  hits="0" /></lines>
			</method>
			<method name="(anonymous_4)"  hits="0"  signature="()V" >
				<lines><line number="14"  hits="0" /></lines>
			</method>
		</methods>
		<lines>
			<line number="1"  hits="1"  branch="false" />
			<line number="9"  hits="0"  branch="false" />
			<line number="10"  hits="0"  branch="false" />
			<line number="11"  hits="0"  branch="false" />
			<line number="12"  hits="0"  branch="false" />
			<line number="13"  hits="0"  branch="false" />
			<line number="15"  hits="0"  branch="false" />
		</lines>
		</class>
		<class name="nrgiCommodityAdminUpdateCtrl.js"  filename="public/app/admin/commodities/nrgiCommodityAdminUpdateCtrl.js"  line-rate="0.07690000000000001"  branch-rate="1" >
		<methods>
			<method name="(anonymous_1)"  hits="0"  signature="()V" >
				<lines><line number="2"  hits="0" /></lines>
			</method>
			<method name="(anonymous_2)"  hits="0"  signature="()V" >
				<lines><line number="12"  hits="0" /></lines>
			</method>
			<method name="(anonymous_3)"  hits="0"  signature="()V" >
				<lines><line number="13"  hits="0" /></lines>
			</method>
			<method name="(anonymous_4)"  hits="0"  signature="()V" >
				<lines><line number="16"  hits="0" /></lines>
			</method>
			<method name="(anonymous_5)"  hits="0"  signature="()V" >
				<lines><line number="21"  hits="0" /></lines>
			</method>
			<method name="(anonymous_6)"  hits="0"  signature="()V" >
				<lines><line number="23"  hits="0" /></lines>
			</method>
			<method name="(anonymous_7)"  hits="0"  signature="()V" >
				<lines><line number="26"  hits="0" /></lines>
			</method>
		</methods>
		<lines>
			<line number="1"  hits="1"  branch="false" />
			<line number="11"  hits="0"  branch="false" />
			<line number="12"  hits="0"  branch="false" />
			<line number="13"  hits="0"  branch="false" />
			<line number="14"  hits="0"  branch="false" />
			<line number="15"  hits="0"  branch="false" />
			<line number="17"  hits="0"  branch="false" />
			<line number="21"  hits="0"  branch="false" />
			<line number="22"  hits="0"  branch="false" />
			<line number="23"  hits="0"  branch="false" />
			<line number="24"  hits="0"  branch="false" />
			<line number="25"  hits="0"  branch="false" />
			<line number="27"  hits="0"  branch="false" />
		</lines>
		</class>
	</classes>
	</package>
	<package name="admin.companies"  line-rate="0.12"  branch-rate="1" >
	<classes>
		<class name="nrgCompanyAdminCtrl.js"  filename="public/app/admin/companies/nrgCompanyAdminCtrl.js"  line-rate="0.3333"  branch-rate="1" >
		<methods>
			<method name="(anonymous_1)"  hits="0"  signature="()V" >
				<lines><line number="2"  hits="0" /></lines>
			</method>
			<method name="(anonymous_2)"  hits="0"  signature="()V" >
				<lines><line number="3"  hits="0" /></lines>
			</method>
		</methods>
		<lines>
			<line number="1"  hits="1"  branch="false" />
			<line number="3"  hits="0"  branch="false" />
			<line number="4"  hits="0"  branch="false" />
		</lines>
		</class>
		<class name="nrgiCompanyAdminCreateCtrl.js"  filename="public/app/admin/companies/nrgiCompanyAdminCreateCtrl.js"  line-rate="0.125"  branch-rate="1" >
		<methods>
			<method name="(anonymous_1)"  hits="0"  signature="()V" >
				<lines><line number="2"  hits="0" /></lines>
			</method>
			<method name="(anonymous_2)"  hits="0"  signature="()V" >
				<lines><line number="12"  hits="0" /></lines>
			</method>
			<method name="(anonymous_3)"  hits="0"  signature="()V" >
				<lines><line number="13"  hits="0" /></lines>
			</method>
			<method name="(anonymous_4)"  hits="0"  signature="()V" >
				<lines><line number="16"  hits="0" /></lines>
			</method>
		</methods>
		<lines>
			<line number="1"  hits="1"  branch="false" />
			<line number="10"  hits="0"  branch="false" />
			<line number="11"  hits="0"  branch="false" />
			<line number="12"  hits="0"  branch="false" />
			<line number="13"  hits="0"  branch="false" />
			<line number="14"  hits="0"  branch="false" />
			<line number="15"  hits="0"  branch="false" />
			<line number="17"  hits="0"  branch="false" />
		</lines>
		</class>
		<class name="nrgiCompanyAdminUpdateCtrl.js"  filename="public/app/admin/companies/nrgiCompanyAdminUpdateCtrl.js"  line-rate="0.07139999999999999"  branch-rate="1" >
		<methods>
			<method name="(anonymous_1)"  hits="0"  signature="()V" >
				<lines><line number="2"  hits="0" /></lines>
			</method>
			<method name="(anonymous_2)"  hits="0"  signature="()V" >
				<lines><line number="13"  hits="0" /></lines>
			</method>
			<method name="(anonymous_3)"  hits="0"  signature="()V" >
				<lines><line number="14"  hits="0" /></lines>
			</method>
			<method name="(anonymous_4)"  hits="0"  signature="()V" >
				<lines><line number="17"  hits="0" /></lines>
			</method>
			<method name="(anonymous_5)"  hits="0"  signature="()V" >
				<lines><line number="22"  hits="0" /></lines>
			</method>
			<method name="(anonymous_6)"  hits="0"  signature="()V" >
				<lines><line number="24"  hits="0" /></lines>
			</method>
			<method name="(anonymous_7)"  hits="0"  signature="()V" >
				<lines><line number="27"  hits="0" /></lines>
			</method>
		</methods>
		<lines>
			<line number="1"  hits="1"  branch="false" />
			<line number="11"  hits="0"  branch="false" />
			<line number="12"  hits="0"  branch="false" />
			<line number="13"  hits="0"  branch="false" />
			<line number="14"  hits="0"  branch="false" />
			<line number="15"  hits="0"  branch="false" />
			<line number="16"  hits="0"  branch="false" />
			<line number="18"  hits="0"  branch="false" />
			<line number="22"  hits="0"  branch="false" />
			<line number="23"  hits="0"  branch="false" />
			<line number="24"  hits="0"  branch="false" />
			<line number="25"  hits="0"  branch="false" />
			<line number="26"  hits="0"  branch="false" />
			<line number="28"  hits="0"  branch="false" />
		</lines>
		</class>
	</classes>
	</package>
	<package name="admin.concessions"  line-rate="0.12"  branch-rate="1" >
	<classes>
		<class name="nrgConcessionAdminCtrl.js"  filename="public/app/admin/concessions/nrgConcessionAdminCtrl.js"  line-rate="0.3333"  branch-rate="1" >
		<methods>
			<method name="(anonymous_1)"  hits="0"  signature="()V" >
				<lines><line number="2"  hits="0" /></lines>
			</method>
			<method name="(anonymous_2)"  hits="0"  signature="()V" >
				<lines><line number="3"  hits="0" /></lines>
			</method>
		</methods>
		<lines>
			<line number="1"  hits="1"  branch="false" />
			<line number="3"  hits="0"  branch="false" />
			<line number="4"  hits="0"  branch="false" />
		</lines>
		</class>
		<class name="nrgiConcessionAdminCreateCtrl.js"  filename="public/app/admin/concessions/nrgiConcessionAdminCreateCtrl.js"  line-rate="0.125"  branch-rate="1" >
		<methods>
			<method name="(anonymous_1)"  hits="0"  signature="()V" >
				<lines><line number="2"  hits="0" /></lines>
			</method>
			<method name="(anonymous_2)"  hits="0"  signature="()V" >
				<lines><line number="12"  hits="0" /></lines>
			</method>
			<method name="(anonymous_3)"  hits="0"  signature="()V" >
				<lines><line number="13"  hits="0" /></lines>
			</method>
			<method name="(anonymous_4)"  hits="0"  signature="()V" >
				<lines><line number="16"  hits="0" /></lines>
			</method>
		</methods>
		<lines>
			<line number="1"  hits="1"  branch="false" />
			<line number="10"  hits="0"  branch="false" />
			<line number="11"  hits="0"  branch="false" />
			<line number="12"  hits="0"  branch="false" />
			<line number="13"  hits="0"  branch="false" />
			<line number="14"  hits="0"  branch="false" />
			<line number="15"  hits="0"  branch="false" />
			<line number="17"  hits="0"  branch="false" />
		</lines>
		</class>
		<class name="nrgiConcessionAdminUpdateCtrl.js"  filename="public/app/admin/concessions/nrgiConcessionAdminUpdateCtrl.js"  line-rate="0.07139999999999999"  branch-rate="1" >
		<methods>
			<method name="(anonymous_1)"  hits="0"  signature="()V" >
				<lines><line number="2"  hits="0" /></lines>
			</method>
			<method name="(anonymous_2)"  hits="0"  signature="()V" >
				<lines><line number="14"  hits="0" /></lines>
			</method>
			<method name="(anonymous_3)"  hits="0"  signature="()V" >
				<lines><line number="15"  hits="0" /></lines>
			</method>
			<method name="(anonymous_4)"  hits="0"  signature="()V" >
				<lines><line number="18"  hits="0" /></lines>
			</method>
			<method name="(anonymous_5)"  hits="0"  signature="()V" >
				<lines><line number="23"  hits="0" /></lines>
			</method>
			<method name="(anonymous_6)"  hits="0"  signature="()V" >
				<lines><line number="25"  hits="0" /></lines>
			</method>
			<method name="(anonymous_7)"  hits="0"  signature="()V" >
				<lines><line number="28"  hits="0" /></lines>
			</method>
		</methods>
		<lines>
			<line number="1"  hits="1"  branch="false" />
			<line number="12"  hits="0"  branch="false" />
			<line number="13"  hits="0"  branch="false" />
			<line number="14"  hits="0"  branch="false" />
			<line number="15"  hits="0"  branch="false" />
			<line number="16"  hits="0"  branch="false" />
			<line number="17"  hits="0"  branch="false" />
			<line number="19"  hits="0"  branch="false" />
			<line number="23"  hits="0"  branch="false" />
			<line number="24"  hits="0"  branch="false" />
			<line number="25"  hits="0"  branch="false" />
			<line number="26"  hits="0"  branch="false" />
			<line number="27"  hits="0"  branch="false" />
			<line number="29"  hits="0"  branch="false" />
		</lines>
		</class>
	</classes>
	</package>
	<package name="admin.countries"  line-rate="0.1304"  branch-rate="1" >
	<classes>
		<class name="nrgCountryAdminCtrl.js"  filename="public/app/admin/countries/nrgCountryAdminCtrl.js"  line-rate="0.3333"  branch-rate="1" >
		<methods>
			<method name="(anonymous_1)"  hits="0"  signature="()V" >
				<lines><line number="2"  hits="0" /></lines>
			</method>
			<method name="(anonymous_2)"  hits="0"  signature="()V" >
				<lines><line number="3"  hits="0" /></lines>
			</method>
		</methods>
		<lines>
			<line number="1"  hits="1"  branch="false" />
			<line number="3"  hits="0"  branch="false" />
			<line number="4"  hits="0"  branch="false" />
		</lines>
		</class>
		<class name="nrgiCountryAdminCreateCtrl.js"  filename="public/app/admin/countries/nrgiCountryAdminCreateCtrl.js"  line-rate="0.1429"  branch-rate="1" >
		<methods>
			<method name="(anonymous_1)"  hits="0"  signature="()V" >
				<lines><line number="2"  hits="0" /></lines>
			</method>
			<method name="(anonymous_2)"  hits="0"  signature="()V" >
				<lines><line number="11"  hits="0" /></lines>
			</method>
			<method name="(anonymous_3)"  hits="0"  signature="()V" >
				<lines><line number="12"  hits="0" /></lines>
			</method>
			<method name="(anonymous_4)"  hits="0"  signature="()V" >
				<lines><line number="15"  hits="0" /></lines>
			</method>
		</methods>
		<lines>
			<line number="1"  hits="1"  branch="false" />
			<line number="10"  hits="0"  branch="false" />
			<line number="11"  hits="0"  branch="false" />
			<line number="12"  hits="0"  branch="false" />
			<line number="13"  hits="0"  branch="false" />
			<line number="14"  hits="0"  branch="false" />
			<line number="16"  hits="0"  branch="false" />
		</lines>
		</class>
		<class name="nrgiCountryAdminUpdateCtrl.js"  filename="public/app/admin/countries/nrgiCountryAdminUpdateCtrl.js"  line-rate="0.07690000000000001"  branch-rate="1" >
		<methods>
			<method name="(anonymous_1)"  hits="0"  signature="()V" >
				<lines><line number="2"  hits="0" /></lines>
			</method>
			<method name="(anonymous_2)"  hits="0"  signature="()V" >
				<lines><line number="13"  hits="0" /></lines>
			</method>
			<method name="(anonymous_3)"  hits="0"  signature="()V" >
				<lines><line number="14"  hits="0" /></lines>
			</method>
			<method name="(anonymous_4)"  hits="0"  signature="()V" >
				<lines><line number="17"  hits="0" /></lines>
			</method>
			<method name="(anonymous_5)"  hits="0"  signature="()V" >
				<lines><line number="22"  hits="0" /></lines>
			</method>
			<method name="(anonymous_6)"  hits="0"  signature="()V" >
				<lines><line number="24"  hits="0" /></lines>
			</method>
			<method name="(anonymous_7)"  hits="0"  signature="()V" >
				<lines><line number="27"  hits="0" /></lines>
			</method>
		</methods>
		<lines>
			<line number="1"  hits="1"  branch="false" />
			<line number="12"  hits="0"  branch="false" />
			<line number="13"  hits="0"  branch="false" />
			<line number="14"  hits="0"  branch="false" />
			<line number="15"  hits="0"  branch="false" />
			<line number="16"  hits="0"  branch="false" />
			<line number="18"  hits="0"  branch="false" />
			<line number="22"  hits="0"  branch="false" />
			<line number="23"  hits="0"  branch="false" />
			<line number="24"  hits="0"  branch="false" />
			<line number="25"  hits="0"  branch="false" />
			<line number="26"  hits="0"  branch="false" />
			<line number="28"  hits="0"  branch="false" />
		</lines>
		</class>
	</classes>
	</package>
	<package name="admin.etl"  line-rate="0.075"  branch-rate="0" >
	<classes>
		<class name="nrgiDatasetCreateCtrl.js"  filename="public/app/admin/etl/nrgiDatasetCreateCtrl.js"  line-rate="0.1429"  branch-rate="1" >
		<methods>
			<method name="(anonymous_1)"  hits="0"  signature="()V" >
				<lines><line number="2"  hits="0" /></lines>
			</method>
			<method name="(anonymous_2)"  hits="0"  signature="()V" >
				<lines><line number="9"  hits="0" /></lines>
			</method>
			<method name="(anonymous_3)"  hits="0"  signature="()V" >
				<lines><line number="15"  hits="0" /></lines>
			</method>
			<method name="(anonymous_4)"  hits="0"  signature="()V" >
				<lines><line number="18"  hits="0" /></lines>
			</method>
		</methods>
		<lines>
			<line number="1"  hits="1"  branch="false" />
			<line number="9"  hits="0"  branch="false" />
			<line number="10"  hits="0"  branch="false" />
			<line number="15"  hits="0"  branch="false" />
			<line number="16"  hits="0"  branch="false" />
			<line number="17"  hits="0"  branch="false" />
			<line number="19"  hits="0"  branch="false" />
		</lines>
		</class>
		<class name="nrgiEtlCtrl.js"  filename="public/app/admin/etl/nrgiEtlCtrl.js"  line-rate="0.060599999999999994"  branch-rate="0" >
		<methods>
			<method name="(anonymous_1)"  hits="0"  signature="()V" >
				<lines><line number="2"  hits="0" /></lines>
			</method>
			<method name="(anonymous_2)"  hits="0"  signature="()V" >
				<lines><line number="10"  hits="0" /></lines>
			</method>
			<method name="getStatus"  hits="0"  signature="()V" >
				<lines><line number="16"  hits="0" /></lines>
			</method>
			<method name="(anonymous_4)"  hits="0"  signature="()V" >
				<lines><line number="32"  hits="0" /></lines>
			</method>
			<method name="(anonymous_5)"  hits="0"  signature="()V" >
				<lines><line number="59"  hits="0" /></lines>
			</method>
			<method name="(anonymous_6)"  hits="0"  signature="()V" >
				<lines><line number="63"  hits="0" /></lines>
			</method>
		</methods>
		<lines>
			<line number="1"  hits="1"  branch="false" />
			<line number="9"  hits="0"  branch="false" />
			<line number="10"  hits="0"  branch="false" />
			<line number="11"  hits="0"  branch="false" />
			<line number="12"  hits="0"  branch="false" />
			<line number="14"  hits="0"  branch="false" />
			<line number="16"  hits="1"  branch="false" />
			<line number="17"  hits="0"  branch="false" />
			<line number="18"  hits="0"  branch="false" />
			<line number="19"  hits="0"  branch="false" />
			<line number="20"  hits="0"  branch="false" />
			<line number="21"  hits="0"  branch="true"  condition-coverage="0% (0/4)" />
			<line number="22"  hits="0"  branch="true"  condition-coverage="0% (0/4)" />
			<line number="24"  hits="0"  branch="true"  condition-coverage="0% (0/4)" />
			<line number="25"  hits="0"  branch="false" />
			<line number="27"  hits="0"  branch="false" />
			<line number="31"  hits="0"  branch="false" />
			<line number="32"  hits="0"  branch="false" />
			<line number="33"  hits="0"  branch="false" />
			<line number="35"  hits="0"  branch="true"  condition-coverage="0% (0/2)" />
			<line number="36"  hits="0"  branch="false" />
			<line number="39"  hits="0"  branch="true"  condition-coverage="0% (0/2)" />
			<line number="41"  hits="0"  branch="false" />
			<line number="42"  hits="0"  branch="false" />
			<line number="44"  hits="0"  branch="false" />
			<line number="48"  hits="0"  branch="true"  condition-coverage="0% (0/2)" />
			<line number="49"  hits="0"  branch="false" />
			<line number="50"  hits="0"  branch="false" />
			<line number="53"  hits="0"  branch="false" />
			<line number="59"  hits="0"  branch="false" />
			<line number="60"  hits="0"  branch="false" />
			<line number="62"  hits="0"  branch="false" />
			<line number="64"  hits="0"  branch="false" />
		</lines>
		</class>
	</classes>
	</package>
	<package name="admin.groups"  line-rate="0.125"  branch-rate="1" >
	<classes>
		<class name="nrgiGroupAdminCreateCtrl.js"  filename="public/app/admin/groups/nrgiGroupAdminCreateCtrl.js"  line-rate="0.125"  branch-rate="1" >
		<methods>
			<method name="(anonymous_1)"  hits="0"  signature="()V" >
				<lines><line number="2"  hits="0" /></lines>
			</method>
			<method name="(anonymous_2)"  hits="0"  signature="()V" >
				<lines><line number="12"  hits="0" /></lines>
			</method>
			<method name="(anonymous_3)"  hits="0"  signature="()V" >
				<lines><line number="13"  hits="0" /></lines>
			</method>
			<method name="(anonymous_4)"  hits="0"  signature="()V" >
				<lines><line number="16"  hits="0" /></lines>
			</method>
		</methods>
		<lines>
			<line number="1"  hits="1"  branch="false" />
			<line number="10"  hits="0"  branch="false" />
			<line number="11"  hits="0"  branch="false" />
			<line number="12"  hits="0"  branch="false" />
			<line number="13"  hits="0"  branch="false" />
			<line number="14"  hits="0"  branch="false" />
			<line number="15"  hits="0"  branch="false" />
			<line number="17"  hits="0"  branch="false" />
		</lines>
		</class>
		<class name="nrgiGroupAdminCtrl.js"  filename="public/app/admin/groups/nrgiGroupAdminCtrl.js"  line-rate="0.3333"  branch-rate="1" >
		<methods>
			<method name="(anonymous_1)"  hits="0"  signature="()V" >
				<lines><line number="2"  hits="0" /></lines>
			</method>
			<method name="(anonymous_2)"  hits="0"  signature="()V" >
				<lines><line number="3"  hits="0" /></lines>
			</method>
		</methods>
		<lines>
			<line number="1"  hits="1"  branch="false" />
			<line number="3"  hits="0"  branch="false" />
			<line number="4"  hits="0"  branch="false" />
		</lines>
		</class>
		<class name="nrgiGroupAdminUpdateCtrl.js"  filename="public/app/admin/groups/nrgiGroupAdminUpdateCtrl.js"  line-rate="0.07690000000000001"  branch-rate="1" >
		<methods>
			<method name="(anonymous_1)"  hits="0"  signature="()V" >
				<lines><line number="2"  hits="0" /></lines>
			</method>
			<method name="(anonymous_2)"  hits="0"  signature="()V" >
				<lines><line number="12"  hits="0" /></lines>
			</method>
			<method name="(anonymous_3)"  hits="0"  signature="()V" >
				<lines><line number="13"  hits="0" /></lines>
			</method>
			<method name="(anonymous_4)"  hits="0"  signature="()V" >
				<lines><line number="16"  hits="0" /></lines>
			</method>
			<method name="(anonymous_5)"  hits="0"  signature="()V" >
				<lines><line number="21"  hits="0" /></lines>
			</method>
			<method name="(anonymous_6)"  hits="0"  signature="()V" >
				<lines><line number="23"  hits="0" /></lines>
			</method>
			<method name="(anonymous_7)"  hits="0"  signature="()V" >
				<lines><line number="26"  hits="0" /></lines>
			</method>
		</methods>
		<lines>
			<line number="1"  hits="1"  branch="false" />
			<line number="11"  hits="0"  branch="false" />
			<line number="12"  hits="0"  branch="false" />
			<line number="13"  hits="0"  branch="false" />
			<line number="14"  hits="0"  branch="false" />
			<line number="15"  hits="0"  branch="false" />
			<line number="17"  hits="0"  branch="false" />
			<line number="21"  hits="0"  branch="false" />
			<line number="22"  hits="0"  branch="false" />
			<line number="23"  hits="0"  branch="false" />
			<line number="24"  hits="0"  branch="false" />
			<line number="25"  hits="0"  branch="false" />
			<line number="27"  hits="0"  branch="false" />
		</lines>
		</class>
	</classes>
	</package>
	<package name="admin.projects"  line-rate="0.11109999999999999"  branch-rate="1" >
	<classes>
		<class name="nrgiProjectAdminCreateCtrl.js"  filename="public/app/admin/projects/nrgiProjectAdminCreateCtrl.js"  line-rate="0.11109999999999999"  branch-rate="1" >
		<methods>
			<method name="(anonymous_1)"  hits="0"  signature="()V" >
				<lines><line number="2"  hits="0" /></lines>
			</method>
			<method name="(anonymous_2)"  hits="0"  signature="()V" >
				<lines><line number="15"  hits="0" /></lines>
			</method>
			<method name="(anonymous_3)"  hits="0"  signature="()V" >
				<lines><line number="16"  hits="0" /></lines>
			</method>
			<method name="(anonymous_4)"  hits="0"  signature="()V" >
				<lines><line number="19"  hits="0" /></lines>
			</method>
		</methods>
		<lines>
			<line number="1"  hits="1"  branch="false" />
			<line number="12"  hits="0"  branch="false" />
			<line number="13"  hits="0"  branch="false" />
			<line number="14"  hits="0"  branch="false" />
			<line number="15"  hits="0"  branch="false" />
			<line number="16"  hits="0"  branch="false" />
			<line number="17"  hits="0"  branch="false" />
			<line number="18"  hits="0"  branch="false" />
			<line number="20"  hits="0"  branch="false" />
		</lines>
		</class>
		<class name="nrgiProjectAdminCtrl.js"  filename="public/app/admin/projects/nrgiProjectAdminCtrl.js"  line-rate="0.3333"  branch-rate="1" >
		<methods>
			<method name="(anonymous_1)"  hits="0"  signature="()V" >
				<lines><line number="2"  hits="0" /></lines>
			</method>
			<method name="(anonymous_2)"  hits="0"  signature="()V" >
				<lines><line number="3"  hits="0" /></lines>
			</method>
		</methods>
		<lines>
			<line number="1"  hits="1"  branch="false" />
			<line number="3"  hits="0"  branch="false" />
			<line number="4"  hits="0"  branch="false" />
		</lines>
		</class>
		<class name="nrgiProjectAdminUpdateCtrl.js"  filename="public/app/admin/projects/nrgiProjectAdminUpdateCtrl.js"  line-rate="0.0667"  branch-rate="1" >
		<methods>
			<method name="(anonymous_1)"  hits="0"  signature="()V" >
				<lines><line number="2"  hits="0" /></lines>
			</method>
			<method name="(anonymous_2)"  hits="0"  signature="()V" >
				<lines><line number="16"  hits="0" /></lines>
			</method>
			<method name="(anonymous_3)"  hits="0"  signature="()V" >
				<lines><line number="17"  hits="0" /></lines>
			</method>
			<method name="(anonymous_4)"  hits="0"  signature="()V" >
				<lines><line number="20"  hits="0" /></lines>
			</method>
			<method name="(anonymous_5)"  hits="0"  signature="()V" >
				<lines><line number="25"  hits="0" /></lines>
			</method>
			<method name="(anonymous_6)"  hits="0"  signature="()V" >
				<lines><line number="27"  hits="0" /></lines>
			</method>
			<method name="(anonymous_7)"  hits="0"  signature="()V" >
				<lines><line number="30"  hits="0" /></lines>
			</method>
		</methods>
		<lines>
			<line number="1"  hits="1"  branch="false" />
			<line number="12"  hits="0"  branch="false" />
			<line number="14"  hits="0"  branch="false" />
			<line number="15"  hits="0"  branch="false" />
			<line number="16"  hits="0"  branch="false" />
			<line number="17"  hits="0"  branch="false" />
			<line number="18"  hits="0"  branch="false" />
			<line number="19"  hits="0"  branch="false" />
			<line number="21"  hits="0"  branch="false" />
			<line number="25"  hits="0"  branch="false" />
			<line number="26"  hits="0"  branch="false" />
			<line number="27"  hits="0"  branch="false" />
			<line number="28"  hits="0"  branch="false" />
			<line number="29"  hits="0"  branch="false" />
			<line number="31"  hits="0"  branch="false" />
		</lines>
		</class>
	</classes>
	</package>
	<package name="admin.reconcile"  line-rate="0.0645"  branch-rate="0" >
	<classes>
		<class name="nrgiReconcileCtrl.js"  filename="public/app/admin/reconcile/nrgiReconcileCtrl.js"  line-rate="0.0645"  branch-rate="0" >
		<methods>
			<method name="(anonymous_1)"  hits="0"  signature="()V" >
				<lines><line number="2"  hits="0" /></lines>
			</method>
			<method name="(anonymous_2)"  hits="0"  signature="()V" >
				<lines><line number="10"  hits="0" /></lines>
			</method>
			<method name="getStatus"  hits="0"  signature="()V" >
				<lines><line number="16"  hits="0" /></lines>
			</method>
			<method name="(anonymous_4)"  hits="0"  signature="()V" >
				<lines><line number="32"  hits="0" /></lines>
			</method>
			<method name="(anonymous_5)"  hits="0"  signature="()V" >
				<lines><line number="54"  hits="0" /></lines>
			</method>
			<method name="(anonymous_6)"  hits="0"  signature="()V" >
				<lines><line number="58"  hits="0" /></lines>
			</method>
		</methods>
		<lines>
			<line number="1"  hits="1"  branch="false" />
			<line number="9"  hits="0"  branch="false" />
			<line number="10"  hits="0"  branch="false" />
			<line number="11"  hits="0"  branch="false" />
			<line number="12"  hits="0"  branch="false" />
			<line number="14"  hits="0"  branch="false" />
			<line number="16"  hits="1"  branch="false" />
			<line number="17"  hits="0"  branch="false" />
			<line number="18"  hits="0"  branch="false" />
			<line number="19"  hits="0"  branch="false" />
			<line number="20"  hits="0"  branch="false" />
			<line number="21"  hits="0"  branch="true"  condition-coverage="0% (0/4)" />
			<line number="22"  hits="0"  branch="true"  condition-coverage="0% (0/4)" />
			<line number="24"  hits="0"  branch="true"  condition-coverage="0% (0/4)" />
			<line number="25"  hits="0"  branch="false" />
			<line number="27"  hits="0"  branch="false" />
			<line number="31"  hits="0"  branch="false" />
			<line number="32"  hits="0"  branch="false" />
			<line number="33"  hits="0"  branch="false" />
			<line number="35"  hits="0"  branch="true"  condition-coverage="0% (0/2)" />
			<line number="37"  hits="0"  branch="false" />
			<line number="38"  hits="0"  branch="false" />
			<line number="40"  hits="0"  branch="false" />
			<line number="43"  hits="0"  branch="true"  condition-coverage="0% (0/2)" />
			<line number="44"  hits="0"  branch="false" />
			<line number="45"  hits="0"  branch="false" />
			<line number="48"  hits="0"  branch="false" />
			<line number="54"  hits="0"  branch="false" />
			<line number="55"  hits="0"  branch="false" />
			<line number="57"  hits="0"  branch="false" />
			<line number="59"  hits="0"  branch="false" />
		</lines>
		</class>
	</classes>
	</package>
	<package name="admin.sourceTypes"  line-rate="0.0789"  branch-rate="0" >
	<classes>
		<class name="nrgiSourceTypeAdminCreateCtrl.js"  filename="public/app/admin/sourceTypes/nrgiSourceTypeAdminCreateCtrl.js"  line-rate="0.07139999999999999"  branch-rate="1" >
		<methods>
			<method name="(anonymous_1)"  hits="0"  signature="()V" >
				<lines><line number="2"  hits="0" /></lines>
			</method>
			<method name="(anonymous_2)"  hits="0"  signature="()V" >
				<lines><line number="21"  hits="0" /></lines>
			</method>
			<method name="(anonymous_3)"  hits="0"  signature="()V" >
				<lines><line number="24"  hits="0" /></lines>
			</method>
			<method name="(anonymous_4)"  hits="0"  signature="()V" >
				<lines><line number="27"  hits="0" /></lines>
			</method>
		</methods>
		<lines>
			<line number="1"  hits="1"  branch="false" />
			<line number="8"  hits="0"  branch="false" />
			<line number="9"  hits="0"  branch="false" />
			<line number="10"  hits="0"  branch="false" />
			<line number="11"  hits="0"  branch="false" />
			<line number="12"  hits="0"  branch="false" />
			<line number="16"  hits="0"  branch="false" />
			<line number="21"  hits="0"  branch="false" />
			<line number="22"  hits="0"  branch="false" />
			<line number="23"  hits="0"  branch="false" />
			<line number="24"  hits="0"  branch="false" />
			<line number="25"  hits="0"  branch="false" />
			<line number="26"  hits="0"  branch="false" />
			<line number="28"  hits="0"  branch="false" />
		</lines>
		</class>
		<class name="nrgiSourceTypeAdminCtrl.js"  filename="public/app/admin/sourceTypes/nrgiSourceTypeAdminCtrl.js"  line-rate="0.3333"  branch-rate="1" >
		<methods>
			<method name="(anonymous_1)"  hits="0"  signature="()V" >
				<lines><line number="2"  hits="0" /></lines>
			</method>
			<method name="(anonymous_2)"  hits="0"  signature="()V" >
				<lines><line number="3"  hits="0" /></lines>
			</method>
		</methods>
		<lines>
			<line number="1"  hits="1"  branch="false" />
			<line number="3"  hits="0"  branch="false" />
			<line number="4"  hits="0"  branch="false" />
		</lines>
		</class>
		<class name="nrgiSourceTypeAdminUpdateCtrl.js"  filename="public/app/admin/sourceTypes/nrgiSourceTypeAdminUpdateCtrl.js"  line-rate="0.047599999999999996"  branch-rate="0" >
		<methods>
			<method name="(anonymous_1)"  hits="0"  signature="()V" >
				<lines><line number="2"  hits="0" /></lines>
			</method>
			<method name="(anonymous_2)"  hits="0"  signature="()V" >
				<lines><line number="13"  hits="0" /></lines>
			</method>
			<method name="(anonymous_3)"  hits="0"  signature="()V" >
				<lines><line number="30"  hits="0" /></lines>
			</method>
			<method name="(anonymous_4)"  hits="0"  signature="()V" >
				<lines><line number="32"  hits="0" /></lines>
			</method>
			<method name="(anonymous_5)"  hits="0"  signature="()V" >
				<lines><line number="35"  hits="0" /></lines>
			</method>
			<method name="(anonymous_6)"  hits="0"  signature="()V" >
				<lines><line number="40"  hits="0" /></lines>
			</method>
			<method name="(anonymous_7)"  hits="0"  signature="()V" >
				<lines><line number="42"  hits="0" /></lines>
			</method>
			<method name="(anonymous_8)"  hits="0"  signature="()V" >
				<lines><line number="45"  hits="0" /></lines>
			</method>
		</methods>
		<lines>
			<line number="1"  hits="1"  branch="false" />
			<line number="12"  hits="0"  branch="false" />
			<line number="13"  hits="0"  branch="false" />
			<line number="14"  hits="0"  branch="false" />
			<line number="15"  hits="0"  branch="true"  condition-coverage="0% (0/2)" />
			<line number="16"  hits="0"  branch="false" />
			<line number="18"  hits="0"  branch="false" />
			<line number="21"  hits="0"  branch="false" />
			<line number="26"  hits="0"  branch="false" />
			<line number="30"  hits="0"  branch="false" />
			<line number="31"  hits="0"  branch="false" />
			<line number="32"  hits="0"  branch="false" />
			<line number="33"  hits="0"  branch="false" />
			<line number="34"  hits="0"  branch="false" />
			<line number="36"  hits="0"  branch="false" />
			<line number="40"  hits="0"  branch="false" />
			<line number="41"  hits="0"  branch="false" />
			<line number="42"  hits="0"  branch="false" />
			<line number="43"  hits="0"  branch="false" />
			<line number="44"  hits="0"  branch="false" />
			<line number="46"  hits="0"  branch="false" />
		</lines>
		</class>
	</classes>
	</package>
	<package name="admin.sources"  line-rate="0.10710000000000001"  branch-rate="1" >
	<classes>
		<class name="nrgiSourceAdminCreateCtrl.js"  filename="public/app/admin/sources/nrgiSourceAdminCreateCtrl.js"  line-rate="0.1"  branch-rate="1" >
		<methods>
			<method name="(anonymous_1)"  hits="0"  signature="()V" >
				<lines><line number="2"  hits="0" /></lines>
			</method>
			<method name="(anonymous_2)"  hits="0"  signature="()V" >
				<lines><line number="13"  hits="0" /></lines>
			</method>
			<method name="(anonymous_3)"  hits="0"  signature="()V" >
				<lines><line number="15"  hits="0" /></lines>
			</method>
			<method name="(anonymous_4)"  hits="0"  signature="()V" >
				<lines><line number="18"  hits="0" /></lines>
			</method>
		</methods>
		<lines>
			<line number="1"  hits="1"  branch="false" />
			<line number="10"  hits="0"  branch="false" />
			<line number="11"  hits="0"  branch="false" />
			<line number="12"  hits="0"  branch="false" />
			<line number="13"  hits="0"  branch="false" />
			<line number="14"  hits="0"  branch="false" />
			<line number="15"  hits="0"  branch="false" />
			<line number="16"  hits="0"  branch="false" />
			<line number="17"  hits="0"  branch="false" />
			<line number="19"  hits="0"  branch="false" />
		</lines>
		</class>
		<class name="nrgiSourceAdminCtrl.js"  filename="public/app/admin/sources/nrgiSourceAdminCtrl.js"  line-rate="0.3333"  branch-rate="1" >
		<methods>
			<method name="(anonymous_1)"  hits="0"  signature="()V" >
				<lines><line number="2"  hits="0" /></lines>
			</method>
			<method name="(anonymous_2)"  hits="0"  signature="()V" >
				<lines><line number="3"  hits="0" /></lines>
			</method>
		</methods>
		<lines>
			<line number="1"  hits="1"  branch="false" />
			<line number="3"  hits="0"  branch="false" />
			<line number="4"  hits="0"  branch="false" />
		</lines>
		</class>
		<class name="nrgiSourceAdminUpdateCtrl.js"  filename="public/app/admin/sources/nrgiSourceAdminUpdateCtrl.js"  line-rate="0.0667"  branch-rate="1" >
		<methods>
			<method name="(anonymous_1)"  hits="0"  signature="()V" >
				<lines><line number="2"  hits="0" /></lines>
			</method>
			<method name="(anonymous_2)"  hits="0"  signature="()V" >
				<lines><line number="14"  hits="0" /></lines>
			</method>
			<method name="(anonymous_3)"  hits="0"  signature="()V" >
				<lines><line number="16"  hits="0" /></lines>
			</method>
			<method name="(anonymous_4)"  hits="0"  signature="()V" >
				<lines><line number="19"  hits="0" /></lines>
			</method>
			<method name="(anonymous_5)"  hits="0"  signature="()V" >
				<lines><line number="24"  hits="0" /></lines>
			</method>
			<method name="(anonymous_6)"  hits="0"  signature="()V" >
				<lines><line number="26"  hits="0" /></lines>
			</method>
			<method name="(anonymous_7)"  hits="0"  signature="()V" >
				<lines><line number="29"  hits="0" /></lines>
			</method>
		</methods>
		<lines>
			<line number="1"  hits="1"  branch="false" />
			<line number="12"  hits="0"  branch="false" />
			<line number="13"  hits="0"  branch="false" />
			<line number="14"  hits="0"  branch="false" />
			<line number="15"  hits="0"  branch="false" />
			<line number="16"  hits="0"  branch="false" />
			<line number="17"  hits="0"  branch="false" />
			<line number="18"  hits="0"  branch="false" />
			<line number="20"  hits="0"  branch="false" />
			<line number="24"  hits="0"  branch="false" />
			<line number="25"  hits="0"  branch="false" />
			<line number="26"  hits="0"  branch="false" />
			<line number="27"  hits="0"  branch="false" />
			<line number="28"  hits="0"  branch="false" />
			<line number="30"  hits="0"  branch="false" />
		</lines>
		</class>
	</classes>
	</package>
	<package name="admin.users"  line-rate="0.09380000000000001"  branch-rate="0" >
	<classes>
		<class name="nrgiUserAdminCreateCtrl.js"  filename="public/app/admin/users/nrgiUserAdminCreateCtrl.js"  line-rate="0.125"  branch-rate="1" >
		<methods>
			<method name="(anonymous_1)"  hits="0"  signature="()V" >
				<lines><line number="2"  hits="0" /></lines>
			</method>
			<method name="(anonymous_2)"  hits="0"  signature="()V" >
				<lines><line number="17"  hits="0" /></lines>
			</method>
			<method name="(anonymous_3)"  hits="0"  signature="()V" >
				<lines><line number="30"  hits="0" /></lines>
			</method>
			<method name="(anonymous_4)"  hits="0"  signature="()V" >
				<lines><line number="33"  hits="0" /></lines>
			</method>
		</methods>
		<lines>
			<line number="1"  hits="1"  branch="false" />
			<line number="10"  hits="0"  branch="false" />
			<line number="17"  hits="0"  branch="false" />
			<line number="18"  hits="0"  branch="false" />
			<line number="30"  hits="0"  branch="false" />
			<line number="31"  hits="0"  branch="false" />
			<line number="32"  hits="0"  branch="false" />
			<line number="34"  hits="0"  branch="false" />
		</lines>
		</class>
		<class name="nrgiUserAdminCtrl.js"  filename="public/app/admin/users/nrgiUserAdminCtrl.js"  line-rate="0.25"  branch-rate="1" >
		<methods>
			<method name="(anonymous_1)"  hits="0"  signature="()V" >
				<lines><line number="2"  hits="0" /></lines>
			</method>
		</methods>
		<lines>
			<line number="1"  hits="1"  branch="false" />
			<line number="3"  hits="0"  branch="false" />
			<line number="5"  hits="0"  branch="false" />
			<line number="11"  hits="0"  branch="false" />
		</lines>
		</class>
		<class name="nrgiUserAdminUpdateCtrl.js"  filename="public/app/admin/users/nrgiUserAdminUpdateCtrl.js"  line-rate="0.05"  branch-rate="0" >
		<methods>
			<method name="(anonymous_1)"  hits="0"  signature="()V" >
				<lines><line number="2"  hits="0" /></lines>
			</method>
			<method name="(anonymous_2)"  hits="0"  signature="()V" >
				<lines><line number="12"  hits="0" /></lines>
			</method>
			<method name="(anonymous_3)"  hits="0"  signature="()V" >
				<lines><line number="18"  hits="0" /></lines>
			</method>
			<method name="(anonymous_4)"  hits="0"  signature="()V" >
				<lines><line number="20"  hits="0" /></lines>
			</method>
			<method name="(anonymous_5)"  hits="0"  signature="()V" >
				<lines><line number="27"  hits="0" /></lines>
			</method>
			<method name="(anonymous_6)"  hits="0"  signature="()V" >
				<lines><line number="29"  hits="0" /></lines>
			</method>
			<method name="(anonymous_7)"  hits="0"  signature="()V" >
				<lines><line number="35"  hits="0" /></lines>
			</method>
			<method name="(anonymous_8)"  hits="0"  signature="()V" >
				<lines><line number="38"  hits="0" /></lines>
			</method>
			<method name="(anonymous_9)"  hits="0"  signature="()V" >
				<lines><line number="41"  hits="0" /></lines>
			</method>
		</methods>
		<lines>
			<line number="1"  hits="1"  branch="false" />
			<line number="10"  hits="0"  branch="false" />
			<line number="12"  hits="0"  branch="false" />
			<line number="13"  hits="0"  branch="false" />
			<line number="15"  hits="0"  branch="true"  condition-coverage="0% (0/4)" />
			<line number="16"  hits="0"  branch="true"  condition-coverage="0% (0/2)" />
			<line number="17"  hits="0"  branch="false" />
			<line number="18"  hits="0"  branch="false" />
			<line number="19"  hits="0"  branch="false" />
			<line number="21"  hits="0"  branch="false" />
			<line number="24"  hits="0"  branch="false" />
			<line number="27"  hits="0"  branch="false" />
			<line number="28"  hits="0"  branch="false" />
			<line number="30"  hits="0"  branch="false" />
			<line number="35"  hits="0"  branch="false" />
			<line number="36"  hits="0"  branch="false" />
			<line number="38"  hits="0"  branch="false" />
			<line number="39"  hits="0"  branch="false" />
			<line number="40"  hits="0"  branch="false" />
			<line number="42"  hits="0"  branch="false" />
		</lines>
		</class>
	</classes>
	</package>
	<package name="commodities"  line-rate="0.1176"  branch-rate="1" >
	<classes>
		<class name="nrgiCommodityDetailCtrl.js"  filename="public/app/commodities/nrgiCommodityDetailCtrl.js"  line-rate="0.3333"  branch-rate="1" >
		<methods>
			<method name="(anonymous_1)"  hits="0"  signature="()V" >
				<lines><line number="4"  hits="0" /></lines>
			</method>
			<method name="(anonymous_2)"  hits="0"  signature="()V" >
				<lines><line number="13"  hits="0" /></lines>
			</method>
		</methods>
		<lines>
			<line number="3"  hits="1"  branch="false" />
			<line number="13"  hits="0"  branch="false" />
			<line number="14"  hits="0"  branch="false" />
		</lines>
		</class>
		<class name="nrgiCommodityListCtrl.js"  filename="public/app/commodities/nrgiCommodityListCtrl.js"  line-rate="0.07139999999999999"  branch-rate="1" >
		<methods>
			<method name="(anonymous_1)"  hits="0"  signature="()V" >
				<lines><line number="4"  hits="0" /></lines>
			</method>
			<method name="(anonymous_2)"  hits="0"  signature="()V" >
				<lines><line number="15"  hits="0" /></lines>
			</method>
			<method name="(anonymous_3)"  hits="0"  signature="()V" >
				<lines><line number="23"  hits="0" /></lines>
			</method>
			<method name="(anonymous_4)"  hits="0"  signature="()V" >
				<lines><line number="25"  hits="0" /></lines>
			</method>
			<method name="(anonymous_5)"  hits="0"  signature="()V" >
				<lines><line number="28"  hits="0" /></lines>
			</method>
		</methods>
		<lines>
			<line number="3"  hits="1"  branch="false" />
			<line number="9"  hits="0"  branch="false" />
			<line number="12"  hits="0"  branch="false" />
			<line number="13"  hits="0"  branch="false" />
			<line number="15"  hits="0"  branch="false" />
			<line number="16"  hits="0"  branch="false" />
			<line number="17"  hits="0"  branch="false" />
			<line number="18"  hits="0"  branch="false" />
			<line number="23"  hits="0"  branch="false" />
			<line number="25"  hits="0"  branch="false" />
			<line number="26"  hits="0"  branch="false" />
			<line number="27"  hits="0"  branch="false" />
			<line number="28"  hits="0"  branch="false" />
			<line number="29"  hits="0"  branch="false" />
		</lines>
		</class>
	</classes>
	</package>
	<package name="common"  line-rate="0.8636"  branch-rate="0.6667000000000001" >
	<classes>
		<class name="nrgiFilter.js"  filename="public/app/common/nrgiFilter.js"  line-rate="0.8"  branch-rate="0.6667000000000001" >
		<methods>
			<method name="(anonymous_1)"  hits="0"  signature="()V" >
				<lines><line number="4"  hits="0" /></lines>
			</method>
			<method name="(anonymous_2)"  hits="0"  signature="()V" >
				<lines><line number="5"  hits="0" /></lines>
			</method>
			<method name="(anonymous_3)"  hits="1"  signature="()V" >
				<lines><line number="9"  hits="1" /></lines>
			</method>
			<method name="(anonymous_4)"  hits="1"  signature="()V" >
				<lines><line number="10"  hits="1" /></lines>
			</method>
			<method name="(anonymous_5)"  hits="1"  signature="()V" >
				<lines><line number="16"  hits="1" /></lines>
			</method>
			<method name="(anonymous_6)"  hits="5"  signature="()V" >
				<lines><line number="17"  hits="5" /></lines>
			</method>
		</methods>
		<lines>
			<line number="3"  hits="1"  branch="false" />
			<line number="5"  hits="0"  branch="false" />
			<line number="6"  hits="0"  branch="false" />
			<line number="10"  hits="1"  branch="false" />
			<line number="11"  hits="1"  branch="true"  condition-coverage="50% (1/2)" />
			<line number="12"  hits="1"  branch="false" />
			<line number="17"  hits="1"  branch="false" />
			<line number="18"  hits="5"  branch="false" />
			<line number="19"  hits="5"  branch="false" />
			<line number="20"  hits="5"  branch="true"  condition-coverage="75% (3/4)" />
			<line number="21"  hits="0"  branch="false" />
			<line number="23"  hits="5"  branch="false" />
			<line number="24"  hits="5"  branch="false" />
			<line number="25"  hits="6"  branch="false" />
			<line number="27"  hits="5"  branch="false" />
		</lines>
		</class>
		<class name="nrgiNotifier.js"  filename="public/app/common/nrgiNotifier.js"  line-rate="1"  branch-rate="1" >
		<methods>
			<method name="(anonymous_1)"  hits="2"  signature="()V" >
				<lines><line number="6"  hits="2" /></lines>
			</method>
			<method name="(anonymous_2)"  hits="1"  signature="()V" >
				<lines><line number="8"  hits="1" /></lines>
			</method>
			<method name="(anonymous_3)"  hits="1"  signature="()V" >
				<lines><line number="12"  hits="1" /></lines>
			</method>
		</methods>
		<lines>
			<line number="3"  hits="1"  branch="false" />
			<line number="5"  hits="1"  branch="false" />
			<line number="7"  hits="2"  branch="false" />
			<line number="9"  hits="1"  branch="false" />
			<line number="10"  hits="1"  branch="false" />
			<line number="13"  hits="1"  branch="false" />
			<line number="14"  hits="1"  branch="false" />
		</lines>
		</class>
	</classes>
	</package>
	<package name="companies"  line-rate="0.0526"  branch-rate="0" >
	<classes>
		<class name="nrgiCompanyDetailCtrl.js"  filename="public/app/companies/nrgiCompanyDetailCtrl.js"  line-rate="0.0909"  branch-rate="1" >
		<methods>
			<method name="(anonymous_1)"  hits="0"  signature="()V" >
				<lines><line number="4"  hits="0" /></lines>
			</method>
			<method name="(anonymous_2)"  hits="0"  signature="()V" >
				<lines><line number="11"  hits="0" /></lines>
			</method>
			<method name="(anonymous_3)"  hits="0"  signature="()V" >
				<lines><line number="14"  hits="0" /></lines>
			</method>
			<method name="(anonymous_4)"  hits="0"  signature="()V" >
				<lines><line number="17"  hits="0" /></lines>
			</method>
			<method name="(anonymous_5)"  hits="0"  signature="()V" >
				<lines><line number="20"  hits="0" /></lines>
			</method>
		</methods>
		<lines>
			<line number="3"  hits="1"  branch="false" />
			<line number="10"  hits="0"  branch="false" />
			<line number="11"  hits="0"  branch="false" />
			<line number="12"  hits="0"  branch="false" />
			<line number="14"  hits="0"  branch="false" />
			<line number="15"  hits="0"  branch="false" />
			<line number="16"  hits="0"  branch="false" />
			<line number="17"  hits="0"  branch="false" />
			<line number="18"  hits="0"  branch="false" />
			<line number="20"  hits="0"  branch="false" />
			<line number="21"  hits="0"  branch="false" />
		</lines>
		</class>
		<class name="nrgiCompanyListCtrl.js"  filename="public/app/companies/nrgiCompanyListCtrl.js"  line-rate="0.037000000000000005"  branch-rate="0" >
		<methods>
			<method name="(anonymous_1)"  hits="0"  signature="()V" >
				<lines><line number="4"  hits="0" /></lines>
			</method>
			<method name="(anonymous_2)"  hits="0"  signature="()V" >
				<lines><line number="14"  hits="0" /></lines>
			</method>
			<method name="(anonymous_3)"  hits="0"  signature="()V" >
				<lines><line number="15"  hits="0" /></lines>
			</method>
			<method name="(anonymous_4)"  hits="0"  signature="()V" >
				<lines><line number="27"  hits="0" /></lines>
			</method>
			<method name="(anonymous_5)"  hits="0"  signature="()V" >
				<lines><line number="31"  hits="0" /></lines>
			</method>
			<method name="(anonymous_6)"  hits="0"  signature="()V" >
				<lines><line number="35"  hits="0" /></lines>
			</method>
			<method name="(anonymous_7)"  hits="0"  signature="()V" >
				<lines><line number="39"  hits="0" /></lines>
			</method>
			<method name="(anonymous_8)"  hits="0"  signature="()V" >
				<lines><line number="43"  hits="0" /></lines>
			</method>
		</methods>
		<lines>
			<line number="3"  hits="1"  branch="false" />
			<line number="10"  hits="0"  branch="false" />
			<line number="11"  hits="0"  branch="false" />
			<line number="12"  hits="0"  branch="false" />
			<line number="13"  hits="0"  branch="false" />
			<line number="14"  hits="0"  branch="false" />
			<line number="15"  hits="0"  branch="false" />
			<line number="16"  hits="0"  branch="false" />
			<line number="17"  hits="0"  branch="false" />
			<line number="18"  hits="0"  branch="false" />
			<line number="19"  hits="0"  branch="false" />
			<line number="20"  hits="0"  branch="false" />
			<line number="21"  hits="0"  branch="false" />
			<line number="25"  hits="0"  branch="false" />
			<line number="27"  hits="0"  branch="false" />
			<line number="28"  hits="0"  branch="false" />
			<line number="31"  hits="0"  branch="false" />
			<line number="32"  hits="0"  branch="false" />
			<line number="35"  hits="0"  branch="false" />
			<line number="36"  hits="0"  branch="false" />
			<line number="39"  hits="0"  branch="false" />
			<line number="40"  hits="0"  branch="false" />
			<line number="43"  hits="0"  branch="false" />
			<line number="44"  hits="0"  branch="true"  condition-coverage="0% (0/2)" />
			<line number="45"  hits="0"  branch="false" />
			<line number="46"  hits="0"  branch="false" />
			<line number="48"  hits="0"  branch="false" />
		</lines>
		</class>
	</classes>
	</package>
	<package name="concessions"  line-rate="0.0667"  branch-rate="0" >
	<classes>
		<class name="nrgiConcessionDetailCtrl.js"  filename="public/app/concessions/nrgiConcessionDetailCtrl.js"  line-rate="0.3333"  branch-rate="1" >
		<methods>
			<method name="(anonymous_1)"  hits="0"  signature="()V" >
				<lines><line number="4"  hits="0" /></lines>
			</method>
			<method name="(anonymous_2)"  hits="0"  signature="()V" >
				<lines><line number="11"  hits="0" /></lines>
			</method>
		</methods>
		<lines>
			<line number="3"  hits="1"  branch="false" />
			<line number="11"  hits="0"  branch="false" />
			<line number="12"  hits="0"  branch="false" />
		</lines>
		</class>
		<class name="nrgiConcessionListCtrl.js"  filename="public/app/concessions/nrgiConcessionListCtrl.js"  line-rate="0.037000000000000005"  branch-rate="0" >
		<methods>
			<method name="(anonymous_1)"  hits="0"  signature="()V" >
				<lines><line number="4"  hits="0" /></lines>
			</method>
			<method name="(anonymous_2)"  hits="0"  signature="()V" >
				<lines><line number="16"  hits="0" /></lines>
			</method>
			<method name="(anonymous_3)"  hits="0"  signature="()V" >
				<lines><line number="17"  hits="0" /></lines>
			</method>
			<method name="(anonymous_4)"  hits="0"  signature="()V" >
				<lines><line number="28"  hits="0" /></lines>
			</method>
			<method name="(anonymous_5)"  hits="0"  signature="()V" >
				<lines><line number="31"  hits="0" /></lines>
			</method>
			<method name="(anonymous_6)"  hits="0"  signature="()V" >
				<lines><line number="34"  hits="0" /></lines>
			</method>
			<method name="(anonymous_7)"  hits="0"  signature="()V" >
				<lines><line number="37"  hits="0" /></lines>
			</method>
			<method name="(anonymous_8)"  hits="0"  signature="()V" >
				<lines><line number="40"  hits="0" /></lines>
			</method>
		</methods>
		<lines>
			<line number="3"  hits="1"  branch="false" />
			<line number="11"  hits="0"  branch="false" />
			<line number="12"  hits="0"  branch="false" />
			<line number="13"  hits="0"  branch="false" />
			<line number="14"  hits="0"  branch="false" />
			<line number="16"  hits="0"  branch="false" />
			<line number="17"  hits="0"  branch="false" />
			<line number="18"  hits="0"  branch="false" />
			<line number="19"  hits="0"  branch="false" />
			<line number="20"  hits="0"  branch="false" />
			<line number="21"  hits="0"  branch="false" />
			<line number="22"  hits="0"  branch="false" />
			<line number="23"  hits="0"  branch="false" />
			<line number="27"  hits="0"  branch="false" />
			<line number="28"  hits="0"  branch="false" />
			<line number="29"  hits="0"  branch="false" />
			<line number="31"  hits="0"  branch="false" />
			<line number="32"  hits="0"  branch="false" />
			<line number="34"  hits="0"  branch="false" />
			<line number="35"  hits="0"  branch="false" />
			<line number="37"  hits="0"  branch="false" />
			<line number="38"  hits="0"  branch="false" />
			<line number="40"  hits="0"  branch="false" />
			<line number="41"  hits="0"  branch="true"  condition-coverage="0% (0/2)" />
			<line number="42"  hits="0"  branch="false" />
			<line number="43"  hits="0"  branch="false" />
			<line number="45"  hits="0"  branch="false" />
		</lines>
		</class>
	</classes>
	</package>
	<package name="contracts"  line-rate="0.0667"  branch-rate="0" >
	<classes>
		<class name="nrgiContractDetailCtrl.js"  filename="public/app/contracts/nrgiContractDetailCtrl.js"  line-rate="0.3333"  branch-rate="1" >
		<methods>
			<method name="(anonymous_1)"  hits="0"  signature="()V" >
				<lines><line number="4"  hits="0" /></lines>
			</method>
			<method name="(anonymous_2)"  hits="0"  signature="()V" >
				<lines><line number="11"  hits="0" /></lines>
			</method>
		</methods>
		<lines>
			<line number="3"  hits="1"  branch="false" />
			<line number="11"  hits="0"  branch="false" />
			<line number="12"  hits="0"  branch="false" />
		</lines>
		</class>
		<class name="nrgiContractListCtrl.js"  filename="public/app/contracts/nrgiContractListCtrl.js"  line-rate="0.037000000000000005"  branch-rate="0" >
		<methods>
			<method name="(anonymous_1)"  hits="0"  signature="()V" >
				<lines><line number="4"  hits="0" /></lines>
			</method>
			<method name="(anonymous_2)"  hits="0"  signature="()V" >
				<lines><line number="17"  hits="0" /></lines>
			</method>
			<method name="(anonymous_3)"  hits="0"  signature="()V" >
				<lines><line number="18"  hits="0" /></lines>
			</method>
			<method name="(anonymous_4)"  hits="0"  signature="()V" >
				<lines><line number="29"  hits="0" /></lines>
			</method>
			<method name="(anonymous_5)"  hits="0"  signature="()V" >
				<lines><line number="32"  hits="0" /></lines>
			</method>
			<method name="(anonymous_6)"  hits="0"  signature="()V" >
				<lines><line number="35"  hits="0" /></lines>
			</method>
			<method name="(anonymous_7)"  hits="0"  signature="()V" >
				<lines><line number="38"  hits="0" /></lines>
			</method>
			<method name="(anonymous_8)"  hits="0"  signature="()V" >
				<lines><line number="41"  hits="0" /></lines>
			</method>
		</methods>
		<lines>
			<line number="3"  hits="1"  branch="false" />
			<line number="12"  hits="0"  branch="false" />
			<line number="13"  hits="0"  branch="false" />
			<line number="14"  hits="0"  branch="false" />
			<line number="15"  hits="0"  branch="false" />
			<line number="17"  hits="0"  branch="false" />
			<line number="18"  hits="0"  branch="false" />
			<line number="19"  hits="0"  branch="false" />
			<line number="20"  hits="0"  branch="false" />
			<line number="21"  hits="0"  branch="false" />
			<line number="22"  hits="0"  branch="false" />
			<line number="23"  hits="0"  branch="false" />
			<line number="24"  hits="0"  branch="false" />
			<line number="28"  hits="0"  branch="false" />
			<line number="29"  hits="0"  branch="false" />
			<line number="30"  hits="0"  branch="false" />
			<line number="32"  hits="0"  branch="false" />
			<line number="33"  hits="0"  branch="false" />
			<line number="35"  hits="0"  branch="false" />
			<line number="36"  hits="0"  branch="false" />
			<line number="38"  hits="0"  branch="false" />
			<line number="39"  hits="0"  branch="false" />
			<line number="41"  hits="0"  branch="false" />
			<line number="42"  hits="0"  branch="true"  condition-coverage="0% (0/2)" />
			<line number="43"  hits="0"  branch="false" />
			<line number="44"  hits="0"  branch="false" />
			<line number="46"  hits="0"  branch="false" />
		</lines>
		</class>
	</classes>
	</package>
	<package name="countries"  line-rate="0.0541"  branch-rate="0" >
	<classes>
		<class name="nrgiCountryDetailCtrl.js"  filename="public/app/countries/nrgiCountryDetailCtrl.js"  line-rate="0.1"  branch-rate="0" >
		<methods>
			<method name="(anonymous_1)"  hits="0"  signature="()V" >
				<lines><line number="4"  hits="0" /></lines>
			</method>
			<method name="(anonymous_2)"  hits="0"  signature="()V" >
				<lines><line number="12"  hits="0" /></lines>
			</method>
			<method name="(anonymous_3)"  hits="0"  signature="()V" >
				<lines><line number="16"  hits="0" /></lines>
			</method>
			<method name="(anonymous_4)"  hits="0"  signature="()V" >
				<lines><line number="18"  hits="0" /></lines>
			</method>
			<method name="(anonymous_5)"  hits="0"  signature="()V" >
				<lines><line number="19"  hits="0" /></lines>
			</method>
		</methods>
		<lines>
			<line number="3"  hits="1"  branch="false" />
			<line number="12"  hits="0"  branch="false" />
			<line number="13"  hits="0"  branch="false" />
			<line number="14"  hits="0"  branch="false" />
			<line number="16"  hits="0"  branch="false" />
			<line number="17"  hits="0"  branch="true"  condition-coverage="0% (0/2)" />
			<line number="18"  hits="0"  branch="false" />
			<line number="19"  hits="0"  branch="false" />
			<line number="20"  hits="0"  branch="false" />
			<line number="22"  hits="0"  branch="false" />
		</lines>
		</class>
		<class name="nrgiCountryListCtrl.js"  filename="public/app/countries/nrgiCountryListCtrl.js"  line-rate="0.037000000000000005"  branch-rate="0" >
		<methods>
			<method name="(anonymous_1)"  hits="0"  signature="()V" >
				<lines><line number="4"  hits="0" /></lines>
			</method>
			<method name="(anonymous_2)"  hits="0"  signature="()V" >
				<lines><line number="16"  hits="0" /></lines>
			</method>
			<method name="(anonymous_3)"  hits="0"  signature="()V" >
				<lines><line number="17"  hits="0" /></lines>
			</method>
			<method name="(anonymous_4)"  hits="0"  signature="()V" >
				<lines><line number="28"  hits="0" /></lines>
			</method>
			<method name="(anonymous_5)"  hits="0"  signature="()V" >
				<lines><line number="31"  hits="0" /></lines>
			</method>
			<method name="(anonymous_6)"  hits="0"  signature="()V" >
				<lines><line number="34"  hits="0" /></lines>
			</method>
			<method name="(anonymous_7)"  hits="0"  signature="()V" >
				<lines><line number="37"  hits="0" /></lines>
			</method>
			<method name="(anonymous_8)"  hits="0"  signature="()V" >
				<lines><line number="40"  hits="0" /></lines>
			</method>
		</methods>
		<lines>
			<line number="3"  hits="1"  branch="false" />
			<line number="12"  hits="0"  branch="false" />
			<line number="13"  hits="0"  branch="false" />
			<line number="14"  hits="0"  branch="false" />
			<line number="15"  hits="0"  branch="false" />
			<line number="16"  hits="0"  branch="false" />
			<line number="17"  hits="0"  branch="false" />
			<line number="18"  hits="0"  branch="false" />
			<line number="19"  hits="0"  branch="false" />
			<line number="20"  hits="0"  branch="false" />
			<line number="21"  hits="0"  branch="false" />
			<line number="22"  hits="0"  branch="false" />
			<line number="23"  hits="0"  branch="false" />
			<line number="27"  hits="0"  branch="false" />
			<line number="28"  hits="0"  branch="false" />
			<line number="29"  hits="0"  branch="false" />
			<line number="31"  hits="0"  branch="false" />
			<line number="32"  hits="0"  branch="false" />
			<line number="34"  hits="0"  branch="false" />
			<line number="35"  hits="0"  branch="false" />
			<line number="37"  hits="0"  branch="false" />
			<line number="38"  hits="0"  branch="false" />
			<line number="40"  hits="0"  branch="false" />
			<line number="41"  hits="0"  branch="true"  condition-coverage="0% (0/2)" />
			<line number="42"  hits="0"  branch="false" />
			<line number="43"  hits="0"  branch="false" />
			<line number="45"  hits="0"  branch="false" />
		</lines>
		</class>
	</classes>
	</package>
	<package name="directives"  line-rate="0.0833"  branch-rate="1" >
	<classes>
		<class name="navigation.directive.js"  filename="public/app/directives/navigation.directive.js"  line-rate="0.0833"  branch-rate="1" >
		<methods>
			<method name="(anonymous_1)"  hits="0"  signature="()V" >
				<lines><line number="4"  hits="0" /></lines>
			</method>
			<method name="(anonymous_2)"  hits="0"  signature="()V" >
				<lines><line number="33"  hits="0" /></lines>
			</method>
			<method name="(anonymous_3)"  hits="0"  signature="()V" >
				<lines><line number="34"  hits="0" /></lines>
			</method>
			<method name="(anonymous_4)"  hits="0"  signature="()V" >
				<lines><line number="37"  hits="0" /></lines>
			</method>
			<method name="(anonymous_5)"  hits="0"  signature="()V" >
				<lines><line number="40"  hits="0" /></lines>
			</method>
			<method name="(anonymous_6)"  hits="0"  signature="()V" >
				<lines><line number="43"  hits="0" /></lines>
			</method>
			<method name="(anonymous_7)"  hits="0"  signature="()V" >
				<lines><line number="46"  hits="0" /></lines>
			</method>
		</methods>
		<lines>
			<line number="3"  hits="1"  branch="false" />
			<line number="5"  hits="0"  branch="false" />
			<line number="34"  hits="0"  branch="false" />
			<line number="35"  hits="0"  branch="false" />
			<line number="37"  hits="0"  branch="false" />
			<line number="38"  hits="0"  branch="false" />
			<line number="40"  hits="0"  branch="false" />
			<line number="41"  hits="0"  branch="false" />
			<line number="43"  hits="0"  branch="false" />
			<line number="44"  hits="0"  branch="false" />
			<line number="46"  hits="0"  branch="false" />
			<line number="47"  hits="0"  branch="false" />
		</lines>
		</class>
	</classes>
	</package>
	<package name="directives.controllers"  line-rate="0.0174"  branch-rate="0" >
	<classes>
		<class name="nrgiCompanyOperationTableCtrl.js"  filename="public/app/directives/controllers/nrgiCompanyOperationTableCtrl.js"  line-rate="0.0189"  branch-rate="0" >
		<methods>
			<method name="(anonymous_1)"  hits="0"  signature="()V" >
				<lines><line number="4"  hits="0" /></lines>
			</method>
			<method name="(anonymous_2)"  hits="0"  signature="()V" >
				<lines><line number="16"  hits="0" /></lines>
			</method>
			<method name="(anonymous_3)"  hits="0"  signature="()V" >
				<lines><line number="22"  hits="0" /></lines>
			</method>
			<method name="(anonymous_4)"  hits="0"  signature="()V" >
				<lines><line number="30"  hits="0" /></lines>
			</method>
			<method name="(anonymous_5)"  hits="0"  signature="()V" >
				<lines><line number="40"  hits="0" /></lines>
			</method>
			<method name="(anonymous_6)"  hits="0"  signature="()V" >
				<lines><line number="46"  hits="0" /></lines>
			</method>
			<method name="(anonymous_7)"  hits="0"  signature="()V" >
				<lines><line number="49"  hits="0" /></lines>
			</method>
			<method name="(anonymous_8)"  hits="0"  signature="()V" >
				<lines><line number="51"  hits="0" /></lines>
			</method>
			<method name="(anonymous_9)"  hits="0"  signature="()V" >
				<lines><line number="55"  hits="0" /></lines>
			</method>
			<method name="(anonymous_10)"  hits="0"  signature="()V" >
				<lines><line number="80"  hits="0" /></lines>
			</method>
		</methods>
		<lines>
			<line number="2"  hits="1"  branch="false" />
			<line number="5"  hits="0"  branch="false" />
			<line number="6"  hits="0"  branch="false" />
			<line number="7"  hits="0"  branch="false" />
			<line number="8"  hits="0"  branch="false" />
			<line number="9"  hits="0"  branch="false" />
			<line number="10"  hits="0"  branch="false" />
			<line number="11"  hits="0"  branch="false" />
			<line number="12"  hits="0"  branch="false" />
			<line number="13"  hits="0"  branch="false" />
			<line number="14"  hits="0"  branch="false" />
			<line number="15"  hits="0"  branch="false" />
			<line number="16"  hits="0"  branch="false" />
			<line number="17"  hits="0"  branch="true"  condition-coverage="0% (0/2)" />
			<line number="18"  hits="0"  branch="false" />
			<line number="19"  hits="0"  branch="false" />
			<line number="22"  hits="0"  branch="false" />
			<line number="23"  hits="0"  branch="true"  condition-coverage="0% (0/2)" />
			<line number="24"  hits="0"  branch="true"  condition-coverage="0% (0/2)" />
			<line number="25"  hits="0"  branch="true"  condition-coverage="0% (0/4)" />
			<line number="26"  hits="0"  branch="false" />
			<line number="27"  hits="0"  branch="false" />
			<line number="31"  hits="0"  branch="false" />
			<line number="32"  hits="0"  branch="false" />
			<line number="33"  hits="0"  branch="true"  condition-coverage="0% (0/4)" />
			<line number="34"  hits="0"  branch="false" />
			<line number="36"  hits="0"  branch="false" />
			<line number="37"  hits="0"  branch="false" />
			<line number="40"  hits="0"  branch="false" />
			<line number="41"  hits="0"  branch="true"  condition-coverage="0% (0/4)" />
			<line number="42"  hits="0"  branch="false" />
			<line number="43"  hits="0"  branch="false" />
			<line number="46"  hits="0"  branch="false" />
			<line number="47"  hits="0"  branch="false" />
			<line number="49"  hits="0"  branch="false" />
			<line number="50"  hits="0"  branch="false" />
			<line number="51"  hits="0"  branch="false" />
			<line number="52"  hits="0"  branch="true"  condition-coverage="0% (0/2)" />
			<line number="53"  hits="0"  branch="true"  condition-coverage="0% (0/2)" />
			<line number="54"  hits="0"  branch="false" />
			<line number="55"  hits="0"  branch="false" />
			<line number="56"  hits="0"  branch="false" />
			<line number="57"  hits="0"  branch="true"  condition-coverage="0% (0/2)" />
			<line number="58"  hits="0"  branch="false" />
			<line number="59"  hits="0"  branch="false" />
			<line number="61"  hits="0"  branch="true"  condition-coverage="0% (0/4)" />
			<line number="62"  hits="0"  branch="false" />
			<line number="64"  hits="0"  branch="false" />
			<line number="65"  hits="0"  branch="false" />
			<line number="69"  hits="0"  branch="false" />
			<line number="75"  hits="0"  branch="true"  condition-coverage="0% (0/4)" />
			<line number="76"  hits="0"  branch="false" />
			<line number="81"  hits="0"  branch="false" />
		</lines>
		</class>
		<class name="nrgiCompanyTableCtrl.js"  filename="public/app/directives/controllers/nrgiCompanyTableCtrl.js"  line-rate="0.018500000000000003"  branch-rate="0" >
		<methods>
			<method name="(anonymous_1)"  hits="0"  signature="()V" >
				<lines><line number="4"  hits="0" /></lines>
			</method>
			<method name="(anonymous_2)"  hits="0"  signature="()V" >
				<lines><line number="17"  hits="0" /></lines>
			</method>
			<method name="(anonymous_3)"  hits="0"  signature="()V" >
				<lines><line number="24"  hits="0" /></lines>
			</method>
			<method name="(anonymous_4)"  hits="0"  signature="()V" >
				<lines><line number="32"  hits="0" /></lines>
			</method>
			<method name="(anonymous_5)"  hits="0"  signature="()V" >
				<lines><line number="42"  hits="0" /></lines>
			</method>
			<method name="(anonymous_6)"  hits="0"  signature="()V" >
				<lines><line number="48"  hits="0" /></lines>
			</method>
			<method name="(anonymous_7)"  hits="0"  signature="()V" >
				<lines><line number="51"  hits="0" /></lines>
			</method>
			<method name="(anonymous_8)"  hits="0"  signature="()V" >
				<lines><line number="53"  hits="0" /></lines>
			</method>
			<method name="(anonymous_9)"  hits="0"  signature="()V" >
				<lines><line number="57"  hits="0" /></lines>
			</method>
			<method name="(anonymous_10)"  hits="0"  signature="()V" >
				<lines><line number="82"  hits="0" /></lines>
			</method>
		</methods>
		<lines>
			<line number="2"  hits="1"  branch="false" />
			<line number="5"  hits="0"  branch="false" />
			<line number="6"  hits="0"  branch="false" />
			<line number="7"  hits="0"  branch="false" />
			<line number="8"  hits="0"  branch="false" />
			<line number="9"  hits="0"  branch="false" />
			<line number="10"  hits="0"  branch="false" />
			<line number="11"  hits="0"  branch="false" />
			<line number="12"  hits="0"  branch="false" />
			<line number="13"  hits="0"  branch="false" />
			<line number="14"  hits="0"  branch="false" />
			<line number="15"  hits="0"  branch="false" />
			<line number="16"  hits="0"  branch="false" />
			<line number="17"  hits="0"  branch="false" />
			<line number="18"  hits="0"  branch="true"  condition-coverage="0% (0/2)" />
			<line number="19"  hits="0"  branch="false" />
			<line number="20"  hits="0"  branch="false" />
			<line number="24"  hits="0"  branch="false" />
			<line number="25"  hits="0"  branch="true"  condition-coverage="0% (0/2)" />
			<line number="26"  hits="0"  branch="true"  condition-coverage="0% (0/2)" />
			<line number="27"  hits="0"  branch="true"  condition-coverage="0% (0/4)" />
			<line number="28"  hits="0"  branch="false" />
			<line number="29"  hits="0"  branch="false" />
			<line number="33"  hits="0"  branch="false" />
			<line number="34"  hits="0"  branch="true"  condition-coverage="0% (0/4)" />
			<line number="35"  hits="0"  branch="false" />
			<line number="37"  hits="0"  branch="false" />
			<line number="38"  hits="0"  branch="false" />
			<line number="39"  hits="0"  branch="false" />
			<line number="42"  hits="0"  branch="false" />
			<line number="43"  hits="0"  branch="true"  condition-coverage="0% (0/4)" />
			<line number="44"  hits="0"  branch="false" />
			<line number="45"  hits="0"  branch="false" />
			<line number="48"  hits="0"  branch="false" />
			<line number="49"  hits="0"  branch="false" />
			<line number="51"  hits="0"  branch="false" />
			<line number="52"  hits="0"  branch="false" />
			<line number="53"  hits="0"  branch="false" />
			<line number="54"  hits="0"  branch="true"  condition-coverage="0% (0/2)" />
			<line number="55"  hits="0"  branch="true"  condition-coverage="0% (0/2)" />
			<line number="56"  hits="0"  branch="false" />
			<line number="57"  hits="0"  branch="false" />
			<line number="58"  hits="0"  branch="false" />
			<line number="59"  hits="0"  branch="true"  condition-coverage="0% (0/2)" />
			<line number="60"  hits="0"  branch="false" />
			<line number="61"  hits="0"  branch="false" />
			<line number="63"  hits="0"  branch="true"  condition-coverage="0% (0/4)" />
			<line number="64"  hits="0"  branch="false" />
			<line number="66"  hits="0"  branch="false" />
			<line number="67"  hits="0"  branch="false" />
			<line number="71"  hits="0"  branch="false" />
			<line number="77"  hits="0"  branch="true"  condition-coverage="0% (0/4)" />
			<line number="78"  hits="0"  branch="false" />
			<line number="83"  hits="0"  branch="false" />
		</lines>
		</class>
		<class name="nrgiConcessionTableCtrl.js"  filename="public/app/directives/controllers/nrgiConcessionTableCtrl.js"  line-rate="0.0118"  branch-rate="0" >
		<methods>
			<method name="(anonymous_1)"  hits="0"  signature="()V" >
				<lines><line number="3"  hits="0" /></lines>
			</method>
			<method name="(anonymous_2)"  hits="0"  signature="()V" >
				<lines><line number="16"  hits="0" /></lines>
			</method>
			<method name="(anonymous_3)"  hits="0"  signature="()V" >
				<lines><line number="22"  hits="0" /></lines>
			</method>
			<method name="(anonymous_4)"  hits="0"  signature="()V" >
				<lines><line number="30"  hits="0" /></lines>
			</method>
			<method name="(anonymous_5)"  hits="0"  signature="()V" >
				<lines><line number="44"  hits="0" /></lines>
			</method>
			<method name="(anonymous_6)"  hits="0"  signature="()V" >
				<lines><line number="50"  hits="0" /></lines>
			</method>
			<method name="(anonymous_7)"  hits="0"  signature="()V" >
				<lines><line number="53"  hits="0" /></lines>
			</method>
			<method name="(anonymous_8)"  hits="0"  signature="()V" >
				<lines><line number="55"  hits="0" /></lines>
			</method>
			<method name="(anonymous_9)"  hits="0"  signature="()V" >
				<lines><line number="59"  hits="0" /></lines>
			</method>
			<method name="(anonymous_10)"  hits="0"  signature="()V" >
				<lines><line number="78"  hits="0" /></lines>
			</method>
			<method name="(anonymous_11)"  hits="0"  signature="()V" >
				<lines><line number="105"  hits="0" /></lines>
			</method>
			<method name="(anonymous_12)"  hits="0"  signature="()V" >
				<lines><line number="108"  hits="0" /></lines>
			</method>
			<method name="(anonymous_13)"  hits="0"  signature="()V" >
				<lines><line number="127"  hits="0" /></lines>
			</method>
		</methods>
		<lines>
			<line number="3"  hits="1"  branch="false" />
			<line number="4"  hits="0"  branch="false" />
			<line number="5"  hits="0"  branch="false" />
			<line number="6"  hits="0"  branch="false" />
			<line number="7"  hits="0"  branch="false" />
			<line number="8"  hits="0"  branch="false" />
			<line number="9"  hits="0"  branch="false" />
			<line number="10"  hits="0"  branch="false" />
			<line number="11"  hits="0"  branch="false" />
			<line number="12"  hits="0"  branch="false" />
			<line number="13"  hits="0"  branch="false" />
			<line number="14"  hits="0"  branch="false" />
			<line number="15"  hits="0"  branch="false" />
			<line number="16"  hits="0"  branch="false" />
			<line number="17"  hits="0"  branch="true"  condition-coverage="0% (0/2)" />
			<line number="18"  hits="0"  branch="false" />
			<line number="19"  hits="0"  branch="false" />
			<line number="22"  hits="0"  branch="false" />
			<line number="23"  hits="0"  branch="true"  condition-coverage="0% (0/2)" />
			<line number="24"  hits="0"  branch="true"  condition-coverage="0% (0/2)" />
			<line number="25"  hits="0"  branch="true"  condition-coverage="0% (0/4)" />
			<line number="26"  hits="0"  branch="false" />
			<line number="27"  hits="0"  branch="false" />
			<line number="31"  hits="0"  branch="false" />
			<line number="32"  hits="0"  branch="true"  condition-coverage="0% (0/4)" />
			<line number="33"  hits="0"  branch="false" />
			<line number="35"  hits="0"  branch="false" />
			<line number="36"  hits="0"  branch="false" />
			<line number="37"  hits="0"  branch="false" />
			<line number="44"  hits="0"  branch="false" />
			<line number="45"  hits="0"  branch="true"  condition-coverage="0% (0/4)" />
			<line number="46"  hits="0"  branch="false" />
			<line number="47"  hits="0"  branch="false" />
			<line number="50"  hits="0"  branch="false" />
			<line number="51"  hits="0"  branch="false" />
			<line number="53"  hits="0"  branch="false" />
			<line number="54"  hits="0"  branch="false" />
			<line number="55"  hits="0"  branch="false" />
			<line number="56"  hits="0"  branch="true"  condition-coverage="0% (0/2)" />
			<line number="57"  hits="0"  branch="true"  condition-coverage="0% (0/2)" />
			<line number="58"  hits="0"  branch="false" />
			<line number="59"  hits="0"  branch="false" />
			<line number="60"  hits="0"  branch="true"  condition-coverage="0% (0/2)" />
			<line number="61"  hits="0"  branch="false" />
			<line number="62"  hits="0"  branch="false" />
			<line number="64"  hits="0"  branch="true"  condition-coverage="0% (0/2)" />
			<line number="65"  hits="0"  branch="false" />
			<line number="67"  hits="0"  branch="false" />
			<line number="68"  hits="0"  branch="false" />
			<line number="72"  hits="0"  branch="false" />
			<line number="75"  hits="0"  branch="true"  condition-coverage="0% (0/2)" />
			<line number="76"  hits="0"  branch="true"  condition-coverage="0% (0/2)" />
			<line number="77"  hits="0"  branch="false" />
			<line number="78"  hits="0"  branch="false" />
			<line number="79"  hits="0"  branch="false" />
			<line number="80"  hits="0"  branch="false" />
			<line number="81"  hits="0"  branch="false" />
			<line number="82"  hits="0"  branch="false" />
			<line number="83"  hits="0"  branch="true"  condition-coverage="0% (0/2)" />
			<line number="84"  hits="0"  branch="false" />
			<line number="86"  hits="0"  branch="false" />
			<line number="87"  hits="0"  branch="false" />
			<line number="91"  hits="0"  branch="false" />
			<line number="94"  hits="0"  branch="true"  condition-coverage="0% (0/2)" />
			<line number="95"  hits="0"  branch="false" />
			<line number="96"  hits="0"  branch="true"  condition-coverage="0% (0/2)" />
			<line number="97"  hits="0"  branch="false" />
			<line number="98"  hits="0"  branch="false" />
			<line number="100"  hits="0"  branch="false" />
			<line number="102"  hits="0"  branch="true"  condition-coverage="0% (0/2)" />
			<line number="103"  hits="0"  branch="true"  condition-coverage="0% (0/2)" />
			<line number="104"  hits="0"  branch="false" />
[...]
			<line number="6"  hits="4"  branch="false" />
			<line number="8"  hits="2"  branch="false" />
			<line number="9"  hits="2"  branch="false" />
			<line number="11"  hits="2"  branch="false" />
			<line number="12"  hits="1"  branch="false" />
			<line number="14"  hits="1"  branch="false" />
			<line number="16"  hits="2"  branch="false" />
			<line number="19"  hits="1"  branch="false" />
			<line number="20"  hits="1"  branch="false" />
			<line number="21"  hits="1"  branch="false" />
			<line number="23"  hits="0"  branch="false" />
			<line number="25"  hits="1"  branch="false" />
			<line number="28"  hits="1"  branch="false" />
			<line number="29"  hits="1"  branch="false" />
			<line number="30"  hits="1"  branch="false" />
			<line number="32"  hits="1"  branch="false" />
			<line number="33"  hits="1"  branch="false" />
			<line number="35"  hits="0"  branch="false" />
			<line number="37"  hits="1"  branch="false" />
		</lines>
		</class>
		<class name="nrgiSourceTypesMethodSrvc.js"  filename="public/app/services/methods/nrgiSourceTypesMethodSrvc.js"  line-rate="0.9"  branch-rate="1" >
		<methods>
			<method name="(anonymous_1)"  hits="4"  signature="()V" >
				<lines><line number="2"  hits="4" /></lines>
			</method>
			<method name="(anonymous_2)"  hits="2"  signature="()V" >
				<lines><line number="7"  hits="2" /></lines>
			</method>
			<method name="(anonymous_3)"  hits="1"  signature="()V" >
				<lines><line number="11"  hits="1" /></lines>
			</method>
			<method name="(anonymous_4)"  hits="1"  signature="()V" >
				<lines><line number="13"  hits="1" /></lines>
			</method>
			<method name="(anonymous_5)"  hits="1"  signature="()V" >
				<lines><line number="18"  hits="1" /></lines>
			</method>
			<method name="(anonymous_6)"  hits="1"  signature="()V" >
				<lines><line number="20"  hits="1" /></lines>
			</method>
			<method name="(anonymous_7)"  hits="0"  signature="()V" >
				<lines><line number="22"  hits="0" /></lines>
			</method>
			<method name="(anonymous_8)"  hits="1"  signature="()V" >
				<lines><line number="27"  hits="1" /></lines>
			</method>
			<method name="(anonymous_9)"  hits="1"  signature="()V" >
				<lines><line number="32"  hits="1" /></lines>
			</method>
			<method name="(anonymous_10)"  hits="0"  signature="()V" >
				<lines><line number="34"  hits="0" /></lines>
			</method>
		</methods>
		<lines>
			<line number="1"  hits="1"  branch="false" />
			<line number="6"  hits="4"  branch="false" />
			<line number="8"  hits="2"  branch="false" />
			<line number="9"  hits="2"  branch="false" />
			<line number="11"  hits="2"  branch="false" />
			<line number="12"  hits="1"  branch="false" />
			<line number="14"  hits="1"  branch="false" />
			<line number="16"  hits="2"  branch="false" />
			<line number="19"  hits="1"  branch="false" />
			<line number="20"  hits="1"  branch="false" />
			<line number="21"  hits="1"  branch="false" />
			<line number="23"  hits="0"  branch="false" />
			<line number="25"  hits="1"  branch="false" />
			<line number="28"  hits="1"  branch="false" />
			<line number="29"  hits="1"  branch="false" />
			<line number="30"  hits="1"  branch="false" />
			<line number="32"  hits="1"  branch="false" />
			<line number="33"  hits="1"  branch="false" />
			<line number="35"  hits="0"  branch="false" />
			<line number="37"  hits="1"  branch="false" />
		</lines>
		</class>
		<class name="nrgiSourcesMethodSrvc.js"  filename="public/app/services/methods/nrgiSourcesMethodSrvc.js"  line-rate="0.9"  branch-rate="1" >
		<methods>
			<method name="(anonymous_1)"  hits="4"  signature="()V" >
				<lines><line number="2"  hits="4" /></lines>
			</method>
			<method name="(anonymous_2)"  hits="2"  signature="()V" >
				<lines><line number="7"  hits="2" /></lines>
			</method>
			<method name="(anonymous_3)"  hits="1"  signature="()V" >
				<lines><line number="11"  hits="1" /></lines>
			</method>
			<method name="(anonymous_4)"  hits="1"  signature="()V" >
				<lines><line number="13"  hits="1" /></lines>
			</method>
			<method name="(anonymous_5)"  hits="1"  signature="()V" >
				<lines><line number="18"  hits="1" /></lines>
			</method>
			<method name="(anonymous_6)"  hits="1"  signature="()V" >
				<lines><line number="20"  hits="1" /></lines>
			</method>
			<method name="(anonymous_7)"  hits="0"  signature="()V" >
				<lines><line number="22"  hits="0" /></lines>
			</method>
			<method name="(anonymous_8)"  hits="1"  signature="()V" >
				<lines><line number="27"  hits="1" /></lines>
			</method>
			<method name="(anonymous_9)"  hits="1"  signature="()V" >
				<lines><line number="32"  hits="1" /></lines>
			</method>
			<method name="(anonymous_10)"  hits="0"  signature="()V" >
				<lines><line number="34"  hits="0" /></lines>
			</method>
		</methods>
		<lines>
			<line number="1"  hits="1"  branch="false" />
			<line number="6"  hits="4"  branch="false" />
			<line number="8"  hits="2"  branch="false" />
			<line number="9"  hits="2"  branch="false" />
			<line number="11"  hits="2"  branch="false" />
			<line number="12"  hits="1"  branch="false" />
			<line number="14"  hits="1"  branch="false" />
			<line number="16"  hits="2"  branch="false" />
			<line number="19"  hits="1"  branch="false" />
			<line number="20"  hits="1"  branch="false" />
			<line number="21"  hits="1"  branch="false" />
			<line number="23"  hits="0"  branch="false" />
			<line number="25"  hits="1"  branch="false" />
			<line number="28"  hits="1"  branch="false" />
			<line number="29"  hits="1"  branch="false" />
			<line number="30"  hits="1"  branch="false" />
			<line number="32"  hits="1"  branch="false" />
			<line number="33"  hits="1"  branch="false" />
			<line number="35"  hits="0"  branch="false" />
			<line number="37"  hits="1"  branch="false" />
		</lines>
		</class>
		<class name="nrgiUserMethodSrvc.js"  filename="public/app/services/methods/nrgiUserMethodSrvc.js"  line-rate="0.9"  branch-rate="1" >
		<methods>
			<method name="(anonymous_1)"  hits="4"  signature="()V" >
				<lines><line number="4"  hits="4" /></lines>
			</method>
			<method name="(anonymous_2)"  hits="2"  signature="()V" >
				<lines><line number="11"  hits="2" /></lines>
			</method>
			<method name="(anonymous_3)"  hits="1"  signature="()V" >
				<lines><line number="15"  hits="1" /></lines>
			</method>
			<method name="(anonymous_4)"  hits="1"  signature="()V" >
				<lines><line number="17"  hits="1" /></lines>
			</method>
			<method name="(anonymous_5)"  hits="1"  signature="()V" >
				<lines><line number="22"  hits="1" /></lines>
			</method>
			<method name="(anonymous_6)"  hits="1"  signature="()V" >
				<lines><line number="24"  hits="1" /></lines>
			</method>
			<method name="(anonymous_7)"  hits="0"  signature="()V" >
				<lines><line number="26"  hits="0" /></lines>
			</method>
			<method name="(anonymous_8)"  hits="1"  signature="()V" >
				<lines><line number="31"  hits="1" /></lines>
			</method>
			<method name="(anonymous_9)"  hits="1"  signature="()V" >
				<lines><line number="36"  hits="1" /></lines>
			</method>
			<method name="(anonymous_10)"  hits="0"  signature="()V" >
				<lines><line number="38"  hits="0" /></lines>
			</method>
		</methods>
		<lines>
			<line number="3"  hits="1"  branch="false" />
			<line number="10"  hits="4"  branch="false" />
			<line number="12"  hits="2"  branch="false" />
			<line number="13"  hits="2"  branch="false" />
			<line number="15"  hits="2"  branch="false" />
			<line number="16"  hits="1"  branch="false" />
			<line number="18"  hits="1"  branch="false" />
			<line number="20"  hits="2"  branch="false" />
			<line number="23"  hits="1"  branch="false" />
			<line number="24"  hits="1"  branch="false" />
			<line number="25"  hits="1"  branch="false" />
			<line number="27"  hits="0"  branch="false" />
			<line number="29"  hits="1"  branch="false" />
			<line number="32"  hits="1"  branch="false" />
			<line number="33"  hits="1"  branch="false" />
			<line number="34"  hits="1"  branch="false" />
			<line number="36"  hits="1"  branch="false" />
			<line number="37"  hits="1"  branch="false" />
			<line number="39"  hits="0"  branch="false" />
			<line number="41"  hits="1"  branch="false" />
		</lines>
		</class>
	</classes>
	</package>
	<package name="sites"  line-rate="0.057699999999999994"  branch-rate="0" >
	<classes>
		<class name="nrgiMapSiteCtrl.js"  filename="public/app/sites/nrgiMapSiteCtrl.js"  line-rate="0.16670000000000001"  branch-rate="0" >
		<methods>
			<method name="(anonymous_1)"  hits="0"  signature="()V" >
				<lines><line number="4"  hits="0" /></lines>
			</method>
			<method name="(anonymous_2)"  hits="0"  signature="()V" >
				<lines><line number="13"  hits="0" /></lines>
			</method>
		</methods>
		<lines>
			<line number="3"  hits="1"  branch="false" />
			<line number="9"  hits="0"  branch="false" />
			<line number="10"  hits="0"  branch="true"  condition-coverage="0% (0/2)" />
			<line number="11"  hits="0"  branch="false" />
			<line number="13"  hits="0"  branch="false" />
			<line number="14"  hits="0"  branch="false" />
		</lines>
		</class>
		<class name="nrgiSiteDetailCtrl.js"  filename="public/app/sites/nrgiSiteDetailCtrl.js"  line-rate="0.11109999999999999"  branch-rate="0" >
		<methods>
			<method name="(anonymous_1)"  hits="0"  signature="()V" >
				<lines><line number="4"  hits="0" /></lines>
			</method>
			<method name="(anonymous_2)"  hits="0"  signature="()V" >
				<lines><line number="12"  hits="0" /></lines>
			</method>
			<method name="(anonymous_3)"  hits="0"  signature="()V" >
				<lines><line number="16"  hits="0" /></lines>
			</method>
			<method name="(anonymous_4)"  hits="0"  signature="()V" >
				<lines><line number="18"  hits="0" /></lines>
			</method>
		</methods>
		<lines>
			<line number="3"  hits="1"  branch="false" />
			<line number="12"  hits="0"  branch="false" />
			<line number="13"  hits="0"  branch="false" />
			<line number="14"  hits="0"  branch="false" />
			<line number="16"  hits="0"  branch="false" />
			<line number="17"  hits="0"  branch="false" />
			<line number="18"  hits="0"  branch="false" />
			<line number="19"  hits="0"  branch="true"  condition-coverage="0% (0/2)" />
			<line number="20"  hits="0"  branch="false" />
		</lines>
		</class>
		<class name="nrgiSiteListCtrl.js"  filename="public/app/sites/nrgiSiteListCtrl.js"  line-rate="0.027000000000000003"  branch-rate="0" >
		<methods>
			<method name="(anonymous_1)"  hits="0"  signature="()V" >
				<lines><line number="4"  hits="0" /></lines>
			</method>
			<method name="(anonymous_2)"  hits="0"  signature="()V" >
				<lines><line number="27"  hits="0" /></lines>
			</method>
			<method name="(anonymous_3)"  hits="0"  signature="()V" >
				<lines><line number="28"  hits="0" /></lines>
			</method>
			<method name="(anonymous_4)"  hits="0"  signature="()V" >
				<lines><line number="39"  hits="0" /></lines>
			</method>
			<method name="(anonymous_5)"  hits="0"  signature="()V" >
				<lines><line number="42"  hits="0" /></lines>
			</method>
			<method name="(anonymous_6)"  hits="0"  signature="()V" >
				<lines><line number="45"  hits="0" /></lines>
			</method>
			<method name="(anonymous_7)"  hits="0"  signature="()V" >
				<lines><line number="48"  hits="0" /></lines>
			</method>
			<method name="(anonymous_8)"  hits="0"  signature="()V" >
				<lines><line number="51"  hits="0" /></lines>
			</method>
		</methods>
		<lines>
			<line number="3"  hits="1"  branch="false" />
			<line number="11"  hits="0"  branch="false" />
			<line number="12"  hits="0"  branch="false" />
			<line number="13"  hits="0"  branch="false" />
			<line number="14"  hits="0"  branch="false" />
			<line number="15"  hits="0"  branch="false" />
			<line number="16"  hits="0"  branch="true"  condition-coverage="0% (0/2)" />
			<line number="17"  hits="0"  branch="false" />
			<line number="18"  hits="0"  branch="false" />
			<line number="19"  hits="0"  branch="false" />
			<line number="20"  hits="0"  branch="false" />
			<line number="21"  hits="0"  branch="true"  condition-coverage="0% (0/2)" />
			<line number="22"  hits="0"  branch="false" />
			<line number="23"  hits="0"  branch="false" />
			<line number="24"  hits="0"  branch="false" />
			<line number="25"  hits="0"  branch="false" />
			<line number="27"  hits="0"  branch="false" />
			<line number="28"  hits="0"  branch="false" />
			<line number="29"  hits="0"  branch="false" />
			<line number="30"  hits="0"  branch="false" />
			<line number="31"  hits="0"  branch="false" />
			<line number="32"  hits="0"  branch="false" />
			<line number="33"  hits="0"  branch="false" />
			<line number="37"  hits="0"  branch="false" />
			<line number="39"  hits="0"  branch="false" />
			<line number="40"  hits="0"  branch="false" />
			<line number="42"  hits="0"  branch="false" />
			<line number="43"  hits="0"  branch="false" />
			<line number="45"  hits="0"  branch="false" />
			<line number="46"  hits="0"  branch="false" />
			<line number="48"  hits="0"  branch="false" />
			<line number="49"  hits="0"  branch="false" />
			<line number="51"  hits="0"  branch="false" />
			<line number="52"  hits="0"  branch="true"  condition-coverage="0% (0/2)" />
			<line number="53"  hits="0"  branch="false" />
			<line number="54"  hits="0"  branch="false" />
			<line number="56"  hits="0"  branch="false" />
		</lines>
		</class>
	</classes>
	</package>
	<package name="sourceTypes"  line-rate="0.0667"  branch-rate="0" >
	<classes>
		<class name="nrgiSourceTypeDetailCtrl.js"  filename="public/app/sourceTypes/nrgiSourceTypeDetailCtrl.js"  line-rate="0.3333"  branch-rate="1" >
		<methods>
			<method name="(anonymous_1)"  hits="0"  signature="()V" >
				<lines><line number="4"  hits="0" /></lines>
			</method>
			<method name="(anonymous_2)"  hits="0"  signature="()V" >
				<lines><line number="9"  hits="0" /></lines>
			</method>
		</methods>
		<lines>
			<line number="3"  hits="1"  branch="false" />
			<line number="9"  hits="0"  branch="false" />
			<line number="10"  hits="0"  branch="false" />
		</lines>
		</class>
		<class name="nrgiSourceTypeListCtrl.js"  filename="public/app/sourceTypes/nrgiSourceTypeListCtrl.js"  line-rate="0.037000000000000005"  branch-rate="0" >
		<methods>
			<method name="(anonymous_1)"  hits="0"  signature="()V" >
				<lines><line number="4"  hits="0" /></lines>
			</method>
			<method name="(anonymous_2)"  hits="0"  signature="()V" >
				<lines><line number="15"  hits="0" /></lines>
			</method>
			<method name="(anonymous_3)"  hits="0"  signature="()V" >
				<lines><line number="16"  hits="0" /></lines>
			</method>
			<method name="(anonymous_4)"  hits="0"  signature="()V" >
				<lines><line number="25"  hits="0" /></lines>
			</method>
			<method name="(anonymous_5)"  hits="0"  signature="()V" >
				<lines><line number="28"  hits="0" /></lines>
			</method>
			<method name="(anonymous_6)"  hits="0"  signature="()V" >
				<lines><line number="31"  hits="0" /></lines>
			</method>
			<method name="(anonymous_7)"  hits="0"  signature="()V" >
				<lines><line number="34"  hits="0" /></lines>
			</method>
			<method name="(anonymous_8)"  hits="0"  signature="()V" >
				<lines><line number="37"  hits="0" /></lines>
			</method>
		</methods>
		<lines>
			<line number="3"  hits="1"  branch="false" />
			<line number="10"  hits="0"  branch="false" />
			<line number="11"  hits="0"  branch="false" />
			<line number="12"  hits="0"  branch="false" />
			<line number="13"  hits="0"  branch="false" />
			<line number="14"  hits="0"  branch="false" />
			<line number="15"  hits="0"  branch="false" />
			<line number="16"  hits="0"  branch="false" />
			<line number="17"  hits="0"  branch="false" />
			<line number="18"  hits="0"  branch="false" />
			<line number="19"  hits="0"  branch="false" />
			<line number="20"  hits="0"  branch="false" />
			<line number="21"  hits="0"  branch="false" />
			<line number="24"  hits="0"  branch="false" />
			<line number="25"  hits="0"  branch="false" />
			<line number="26"  hits="0"  branch="false" />
			<line number="28"  hits="0"  branch="false" />
			<line number="29"  hits="0"  branch="false" />
			<line number="31"  hits="0"  branch="false" />
			<line number="32"  hits="0"  branch="false" />
			<line number="34"  hits="0"  branch="false" />
			<line number="35"  hits="0"  branch="false" />
			<line number="37"  hits="0"  branch="false" />
			<line number="38"  hits="0"  branch="true"  condition-coverage="0% (0/2)" />
			<line number="39"  hits="0"  branch="false" />
			<line number="40"  hits="0"  branch="false" />
			<line number="42"  hits="0"  branch="false" />
		</lines>
		</class>
	</classes>
	</package>
	<package name="sources"  line-rate="0.069"  branch-rate="0" >
	<classes>
		<class name="nrgiSourceDetailCtrl.js"  filename="public/app/sources/nrgiSourceDetailCtrl.js"  line-rate="0.3333"  branch-rate="1" >
		<methods>
			<method name="(anonymous_1)"  hits="0"  signature="()V" >
				<lines><line number="4"  hits="0" /></lines>
			</method>
			<method name="(anonymous_2)"  hits="0"  signature="()V" >
				<lines><line number="11"  hits="0" /></lines>
			</method>
		</methods>
		<lines>
			<line number="3"  hits="1"  branch="false" />
			<line number="11"  hits="0"  branch="false" />
			<line number="12"  hits="0"  branch="false" />
		</lines>
		</class>
		<class name="nrgiSourceListCtrl.js"  filename="public/app/sources/nrgiSourceListCtrl.js"  line-rate="0.0385"  branch-rate="0" >
		<methods>
			<method name="(anonymous_1)"  hits="0"  signature="()V" >
				<lines><line number="4"  hits="0" /></lines>
			</method>
			<method name="(anonymous_2)"  hits="0"  signature="()V" >
				<lines><line number="14"  hits="0" /></lines>
			</method>
			<method name="(anonymous_3)"  hits="0"  signature="()V" >
				<lines><line number="15"  hits="0" /></lines>
			</method>
			<method name="(anonymous_4)"  hits="0"  signature="()V" >
				<lines><line number="24"  hits="0" /></lines>
			</method>
			<method name="(anonymous_5)"  hits="0"  signature="()V" >
				<lines><line number="27"  hits="0" /></lines>
			</method>
			<method name="(anonymous_6)"  hits="0"  signature="()V" >
				<lines><line number="30"  hits="0" /></lines>
			</method>
			<method name="(anonymous_7)"  hits="0"  signature="()V" >
				<lines><line number="33"  hits="0" /></lines>
			</method>
			<method name="(anonymous_8)"  hits="0"  signature="()V" >
				<lines><line number="36"  hits="0" /></lines>
			</method>
		</methods>
		<lines>
			<line number="3"  hits="1"  branch="false" />
			<line number="10"  hits="0"  branch="false" />
			<line number="11"  hits="0"  branch="false" />
			<line number="12"  hits="0"  branch="false" />
			<line number="13"  hits="0"  branch="false" />
			<line number="14"  hits="0"  branch="false" />
			<line number="15"  hits="0"  branch="false" />
			<line number="16"  hits="0"  branch="false" />
			<line number="17"  hits="0"  branch="false" />
			<line number="18"  hits="0"  branch="false" />
			<line number="19"  hits="0"  branch="false" />
			<line number="20"  hits="0"  branch="false" />
			<line number="23"  hits="0"  branch="false" />
			<line number="24"  hits="0"  branch="false" />
			<line number="25"  hits="0"  branch="false" />
			<line number="27"  hits="0"  branch="false" />
			<line number="28"  hits="0"  branch="false" />
			<line number="30"  hits="0"  branch="false" />
			<line number="31"  hits="0"  branch="false" />
			<line number="33"  hits="0"  branch="false" />
			<line number="34"  hits="0"  branch="false" />
			<line number="36"  hits="0"  branch="false" />
			<line number="37"  hits="0"  branch="true"  condition-coverage="0% (0/2)" />
			<line number="38"  hits="0"  branch="false" />
			<line number="39"  hits="0"  branch="false" />
			<line number="41"  hits="0"  branch="false" />
		</lines>
		</class>
	</classes>
	</package>
</packages>
</coverage>
