<?xml version="1.0"?>
<testsuite name="PhantomJS 2.1.1 (Mac OS X 0.0.0)" package="" timestamp="2016-05-18T14:05:53" id="0" hostname="Laptop" tests="75" errors="0" failures="0" time="0.048">
  <properties>
    <property name="browser.fullName" value="Mozilla/5.0 (Macintosh; Intel Mac OS X) AppleWebKit/538.1 (KHTML, like Gecko) PhantomJS/2.1.1 Safari/538.1"/>
  </properties>
  <testcase name="addSpaces FILTER add spaces to words containing _" time="0.001" classname="PhantomJS_2_1_1_(Mac_OS_X_0_0_0).addSpaces FILTER"/>
  <testcase name="nrgiNotifier #notify calls nrgiNotifier.notify" time="0.002" classname="PhantomJS_2_1_1_(Mac_OS_X_0_0_0).nrgiNotifier"/>
  <testcase name="nrgiNotifier #error calls nrgiNotifier.error" time="0.001" classname="PhantomJS_2_1_1_(Mac_OS_X_0_0_0).nrgiNotifier"/>
  <testcase name="zpad FILTER pads number with leading zeros" time="0" classname="PhantomJS_2_1_1_(Mac_OS_X_0_0_0).zpad FILTER"/>
  <testcase name="nrgiCommoditiesMethodSrvc #createCommodity resolves the deferred in positive case" time="0.001" classname="PhantomJS_2_1_1_(Mac_OS_X_0_0_0).nrgiCommoditiesMethodSrvc"/>
  <testcase name="nrgiCommoditiesMethodSrvc #createCommodity resolves the deferred in positive case" time="0.001" classname="PhantomJS_2_1_1_(Mac_OS_X_0_0_0).nrgiCommoditiesMethodSrvc"/>
  <testcase name="nrgiCommoditiesMethodSrvc #updateCommodity resolves the deferred in positive case" time="0.001" classname="PhantomJS_2_1_1_(Mac_OS_X_0_0_0).nrgiCommoditiesMethodSrvc"/>
  <testcase name="nrgiCommoditiesMethodSrvc #deleteCommodity resolves the deferred in positive case" time="0.001" classname="PhantomJS_2_1_1_(Mac_OS_X_0_0_0).nrgiCommoditiesMethodSrvc"/>
  <testcase name="nrgiCompaniesMethodSrvc #createCompany resolves the deferred in positive case" time="0.001" classname="PhantomJS_2_1_1_(Mac_OS_X_0_0_0).nrgiCompaniesMethodSrvc"/>
  <testcase name="nrgiCompaniesMethodSrvc #createCompany resolves the deferred in positive case" time="0" classname="PhantomJS_2_1_1_(Mac_OS_X_0_0_0).nrgiCompaniesMethodSrvc"/>
  <testcase name="nrgiCompaniesMethodSrvc #updateCompany resolves the deferred in positive case" time="0.001" classname="PhantomJS_2_1_1_(Mac_OS_X_0_0_0).nrgiCompaniesMethodSrvc"/>
  <testcase name="nrgiCompaniesMethodSrvc #deleteCompany resolves the deferred in positive case" time="0.001" classname="PhantomJS_2_1_1_(Mac_OS_X_0_0_0).nrgiCompaniesMethodSrvc"/>
  <testcase name="nrgiConcessionsMethodSrvc #createConcession resolves the deferred in positive case" time="0.001" classname="PhantomJS_2_1_1_(Mac_OS_X_0_0_0).nrgiConcessionsMethodSrvc"/>
  <testcase name="nrgiConcessionsMethodSrvc #createConcession resolves the deferred in positive case" time="0.001" classname="PhantomJS_2_1_1_(Mac_OS_X_0_0_0).nrgiConcessionsMethodSrvc"/>
  <testcase name="nrgiConcessionsMethodSrvc #updateConcession resolves the deferred in positive case" time="0" classname="PhantomJS_2_1_1_(Mac_OS_X_0_0_0).nrgiConcessionsMethodSrvc"/>
  <testcase name="nrgiConcessionsMethodSrvc #deleteConcession resolves the deferred in positive case" time="0" classname="PhantomJS_2_1_1_(Mac_OS_X_0_0_0).nrgiConcessionsMethodSrvc"/>
  <testcase name="nrgiCountriesMethodSrvc #createCountries resolves the deferred in positive case" time="0" classname="PhantomJS_2_1_1_(Mac_OS_X_0_0_0).nrgiCountriesMethodSrvc"/>
  <testcase name="nrgiCountriesMethodSrvc #createCountries resolves the deferred in positive case" time="0.001" classname="PhantomJS_2_1_1_(Mac_OS_X_0_0_0).nrgiCountriesMethodSrvc"/>
  <testcase name="nrgiCountriesMethodSrvc #updateCountries resolves the deferred in positive case" time="0.001" classname="PhantomJS_2_1_1_(Mac_OS_X_0_0_0).nrgiCountriesMethodSrvc"/>
  <testcase name="nrgiCountriesMethodSrvc #deleteCountries resolves the deferred in positive case" time="0.001" classname="PhantomJS_2_1_1_(Mac_OS_X_0_0_0).nrgiCountriesMethodSrvc"/>
  <testcase name="nrgiDatasetActionMethodSrvc #createAction resolves the deferred in positive case" time="0.001" classname="PhantomJS_2_1_1_(Mac_OS_X_0_0_0).nrgiDatasetActionMethodSrvc"/>
  <testcase name="nrgiDatasetActionMethodSrvc #createAction resolves the deferred in positive case" time="0" classname="PhantomJS_2_1_1_(Mac_OS_X_0_0_0).nrgiDatasetActionMethodSrvc"/>
  <testcase name="nrgiDatasetMethodSrvc #createDataset resolves the deferred in positive case" time="0.001" classname="PhantomJS_2_1_1_(Mac_OS_X_0_0_0).nrgiDatasetMethodSrvc"/>
  <testcase name="nrgiDatasetMethodSrvc #createDataset resolves the deferred in positive case" time="0" classname="PhantomJS_2_1_1_(Mac_OS_X_0_0_0).nrgiDatasetMethodSrvc"/>
  <testcase name="nrgiDatasetMethodSrvc #updateDataset resolves the deferred in positive case" time="0.001" classname="PhantomJS_2_1_1_(Mac_OS_X_0_0_0).nrgiDatasetMethodSrvc"/>
  <testcase name="nrgiDatasetMethodSrvc #deleteDatasets resolves the deferred in positive case" time="0" classname="PhantomJS_2_1_1_(Mac_OS_X_0_0_0).nrgiDatasetMethodSrvc"/>
  <testcase name="nrgiGroupsMethodSrvc #createCompanyGroup resolves the deferred in positive case" time="0" classname="PhantomJS_2_1_1_(Mac_OS_X_0_0_0).nrgiGroupsMethodSrvc"/>
  <testcase name="nrgiGroupsMethodSrvc #createCompanyGroup resolves the deferred in positive case" time="0.001" classname="PhantomJS_2_1_1_(Mac_OS_X_0_0_0).nrgiGroupsMethodSrvc"/>
  <testcase name="nrgiGroupsMethodSrvc #updateCompanyGroup resolves the deferred in positive case" time="0" classname="PhantomJS_2_1_1_(Mac_OS_X_0_0_0).nrgiGroupsMethodSrvc"/>
  <testcase name="nrgiGroupsMethodSrvc #deleteCompanyGroup resolves the deferred in positive case" time="0" classname="PhantomJS_2_1_1_(Mac_OS_X_0_0_0).nrgiGroupsMethodSrvc"/>
  <testcase name="nrgiProjectsMethodSrvc #createProjects resolves the deferred in positive case" time="0.001" classname="PhantomJS_2_1_1_(Mac_OS_X_0_0_0).nrgiProjectsMethodSrvc"/>
  <testcase name="nrgiProjectsMethodSrvc #createProjects resolves the deferred in positive case" time="0.001" classname="PhantomJS_2_1_1_(Mac_OS_X_0_0_0).nrgiProjectsMethodSrvc"/>
  <testcase name="nrgiProjectsMethodSrvc #updateProjects resolves the deferred in positive case" time="0" classname="PhantomJS_2_1_1_(Mac_OS_X_0_0_0).nrgiProjectsMethodSrvc"/>
  <testcase name="nrgiProjectsMethodSrvc #deleteProjects resolves the deferred in positive case" time="0" classname="PhantomJS_2_1_1_(Mac_OS_X_0_0_0).nrgiProjectsMethodSrvc"/>
  <testcase name="nrgiSitesMethodSrvc #createSites resolves the deferred in positive case" time="0.001" classname="PhantomJS_2_1_1_(Mac_OS_X_0_0_0).nrgiSitesMethodSrvc"/>
  <testcase name="nrgiSitesMethodSrvc #createSites resolves the deferred in positive case" time="0.001" classname="PhantomJS_2_1_1_(Mac_OS_X_0_0_0).nrgiSitesMethodSrvc"/>
  <testcase name="nrgiSitesMethodSrvc #updateSites resolves the deferred in positive case" time="0" classname="PhantomJS_2_1_1_(Mac_OS_X_0_0_0).nrgiSitesMethodSrvc"/>
  <testcase name="nrgiSitesMethodSrvc #deleteSites resolves the deferred in positive case" time="0.001" classname="PhantomJS_2_1_1_(Mac_OS_X_0_0_0).nrgiSitesMethodSrvc"/>
  <testcase name="nrgiSourceTypesMethodSrvc #createSourceTypes resolves the deferred in positive case" time="0.001" classname="PhantomJS_2_1_1_(Mac_OS_X_0_0_0).nrgiSourceTypesMethodSrvc"/>
  <testcase name="nrgiSourceTypesMethodSrvc #createSourceTypes resolves the deferred in positive case" time="0" classname="PhantomJS_2_1_1_(Mac_OS_X_0_0_0).nrgiSourceTypesMethodSrvc"/>
  <testcase name="nrgiSourceTypesMethodSrvc #updateSourceTypes resolves the deferred in positive case" time="0.001" classname="PhantomJS_2_1_1_(Mac_OS_X_0_0_0).nrgiSourceTypesMethodSrvc"/>
  <testcase name="nrgiSourceTypesMethodSrvc #deleteSourceTypes resolves the deferred in positive case" time="0.001" classname="PhantomJS_2_1_1_(Mac_OS_X_0_0_0).nrgiSourceTypesMethodSrvc"/>
  <testcase name="nrgiSourcesMethodSrvc #createSources resolves the deferred in positive case" time="0" classname="PhantomJS_2_1_1_(Mac_OS_X_0_0_0).nrgiSourcesMethodSrvc"/>
  <testcase name="nrgiSourcesMethodSrvc #createSources resolves the deferred in positive case" time="0" classname="PhantomJS_2_1_1_(Mac_OS_X_0_0_0).nrgiSourcesMethodSrvc"/>
  <testcase name="nrgiSourcesMethodSrvc #updateSources resolves the deferred in positive case" time="0.001" classname="PhantomJS_2_1_1_(Mac_OS_X_0_0_0).nrgiSourcesMethodSrvc"/>
  <testcase name="nrgiSourcesMethodSrvc #deleteSources resolves the deferred in positive case" time="0.001" classname="PhantomJS_2_1_1_(Mac_OS_X_0_0_0).nrgiSourcesMethodSrvc"/>
  <testcase name="nrgiUserMethodSrvc #createUsers resolves the deferred in positive case" time="0" classname="PhantomJS_2_1_1_(Mac_OS_X_0_0_0).nrgiUserMethodSrvc"/>
  <testcase name="nrgiUserMethodSrvc #createUsers resolves the deferred in positive case" time="0.001" classname="PhantomJS_2_1_1_(Mac_OS_X_0_0_0).nrgiUserMethodSrvc"/>
  <testcase name="nrgiUserMethodSrvc #updateUsers resolves the deferred in positive case" time="0.001" classname="PhantomJS_2_1_1_(Mac_OS_X_0_0_0).nrgiUserMethodSrvc"/>
  <testcase name="nrgiUserMethodSrvc #deleteUsers resolves the deferred in positive case" time="0.001" classname="PhantomJS_2_1_1_(Mac_OS_X_0_0_0).nrgiUserMethodSrvc"/>
  <testcase name="nrgiCommoditiesSrvc requests commodity data for a given `commodityId`" time="0.006" classname="PhantomJS_2_1_1_(Mac_OS_X_0_0_0).nrgiCommoditiesSrvc"/>
  <testcase name="nrgiCommoditiesSrvc requests commodity data list with a skip and limit var" time="0" classname="PhantomJS_2_1_1_(Mac_OS_X_0_0_0).nrgiCommoditiesSrvc"/>
  <testcase name="nrgiCompaniesSrvc requests company data for a given `companyId`" time="0.001" classname="PhantomJS_2_1_1_(Mac_OS_X_0_0_0).nrgiCompaniesSrvc"/>
  <testcase name="nrgiCompaniesSrvc requests company data list with a skip and limit var" time="0.001" classname="PhantomJS_2_1_1_(Mac_OS_X_0_0_0).nrgiCompaniesSrvc"/>
  <testcase name="nrgiCompanyDataSrvc requests company data for a given `companyId`" time="0" classname="PhantomJS_2_1_1_(Mac_OS_X_0_0_0).nrgiCompanyDataSrvc"/>
  <testcase name="nrgiConcessionsSrvc requests concession data for a given `concessionId`" time="0.001" classname="PhantomJS_2_1_1_(Mac_OS_X_0_0_0).nrgiConcessionsSrvc"/>
  <testcase name="nrgiConcessionsSrvc requests concession data list with a skip and limit var" time="0" classname="PhantomJS_2_1_1_(Mac_OS_X_0_0_0).nrgiConcessionsSrvc"/>
  <testcase name="nrgiContractsSrvc requests contract data for a given `contractId`" time="0" classname="PhantomJS_2_1_1_(Mac_OS_X_0_0_0).nrgiContractsSrvc"/>
  <testcase name="nrgiContractsSrvc requests contract data list with a skip and limit var" time="0.001" classname="PhantomJS_2_1_1_(Mac_OS_X_0_0_0).nrgiContractsSrvc"/>
  <testcase name="nrgiCountriesSrvc requests country data for a given `countryId`" time="0" classname="PhantomJS_2_1_1_(Mac_OS_X_0_0_0).nrgiCountriesSrvc"/>
  <testcase name="nrgiCountriesSrvc requests country data list with a skip and limit var" time="0" classname="PhantomJS_2_1_1_(Mac_OS_X_0_0_0).nrgiCountriesSrvc"/>
  <testcase name="nrgiCountryCoordinatesSrvc requests country coordinates for a given `countryId`" time="0.001" classname="PhantomJS_2_1_1_(Mac_OS_X_0_0_0).nrgiCountryCoordinatesSrvc"/>
  <testcase name="nrgiDatasetSrvc requests country data for a given `datasetId`" time="0" classname="PhantomJS_2_1_1_(Mac_OS_X_0_0_0).nrgiDatasetSrvc"/>
  <testcase name="nrgiDatasetSrvc requests country data list with a skip and limit var" time="0.001" classname="PhantomJS_2_1_1_(Mac_OS_X_0_0_0).nrgiDatasetSrvc"/>
  <testcase name="nrgiGroupDataSrvc requests company data for a given `companyId`" time="0" classname="PhantomJS_2_1_1_(Mac_OS_X_0_0_0).nrgiGroupDataSrvc"/>
  <testcase name="nrgiGroupsSrvc requests company group data for a given `companyGroupId`" time="0" classname="PhantomJS_2_1_1_(Mac_OS_X_0_0_0).nrgiGroupsSrvc"/>
  <testcase name="nrgiGroupsSrvc requests company group data list with a skip and limit var" time="0.001" classname="PhantomJS_2_1_1_(Mac_OS_X_0_0_0).nrgiGroupsSrvc"/>
  <testcase name="nrgiProjectsSrvc requests project data for a given `projectId`" time="0" classname="PhantomJS_2_1_1_(Mac_OS_X_0_0_0).nrgiProjectsSrvc"/>
  <testcase name="nrgiProjectsSrvc requests project data list with a skip and limit var" time="0.001" classname="PhantomJS_2_1_1_(Mac_OS_X_0_0_0).nrgiProjectsSrvc"/>
  <testcase name="nrgiSitesSrvc requests site data for a given `siteId`" time="0" classname="PhantomJS_2_1_1_(Mac_OS_X_0_0_0).nrgiSitesSrvc"/>
  <testcase name="nrgiSitesSrvc requests site data list with a skip and limit var" time="0" classname="PhantomJS_2_1_1_(Mac_OS_X_0_0_0).nrgiSitesSrvc"/>
  <testcase name="nrgiSourceTypesSrvc requests source type data for a given `sourceTypeId`" time="0" classname="PhantomJS_2_1_1_(Mac_OS_X_0_0_0).nrgiSourceTypesSrvc"/>
  <testcase name="nrgiSourceTypesSrvc requests source type data list with a skip and limit var" time="0" classname="PhantomJS_2_1_1_(Mac_OS_X_0_0_0).nrgiSourceTypesSrvc"/>
  <testcase name="nrgiSourcesSrvc requests source data for a given `sourceId`" time="0.001" classname="PhantomJS_2_1_1_(Mac_OS_X_0_0_0).nrgiSourcesSrvc"/>
  <testcase name="nrgiSourcesSrvc requests source data list with a skip and limit var" time="0" classname="PhantomJS_2_1_1_(Mac_OS_X_0_0_0).nrgiSourcesSrvc"/>
  <system-out>
    <![CDATA[PhantomJS 2.1.1 (Mac OS X 0.0.0) ERROR: 'SANATIZE FILTER: NO TEST'
,PhantomJS 2.1.1 (Mac OS X 0.0.0) LOG: 'COMMODITIES METHOD SERVICE: MISSING NEGATIVE UPDATE CASE'
,PhantomJS 2.1.1 (Mac OS X 0.0.0) LOG: 'COMMODITIES METHOD SERVICE: MISSING NEGATIVE DELETE CASE'
,PhantomJS 2.1.1 (Mac OS X 0.0.0) LOG: 'COMPANIES METHOD SERVICE: MISSING NEGATIVE UPDATE CASE'
,PhantomJS 2.1.1 (Mac OS X 0.0.0) LOG: 'COMPANIES METHOD SERVICE: MISSING NEGATIVE DELETE CASE'
,PhantomJS 2.1.1 (Mac OS X 0.0.0) LOG: 'CONCESSIONS METHOD SERVICE: MISSING NEGATIVE UPDATE CASE'
,PhantomJS 2.1.1 (Mac OS X 0.0.0) LOG: 'CONCESSIONS METHOD SERVICE: MISSING NEGATIVE DELETE CASE'
,PhantomJS 2.1.1 (Mac OS X 0.0.0) LOG: 'COUNTRIES METHOD SERVICE: MISSING NEGATIVE UPDATE CASE'
,PhantomJS 2.1.1 (Mac OS X 0.0.0) LOG: 'COUNTRIES METHOD SERVICE: MISSING NEGATIVE DELETE CASE'
,PhantomJS 2.1.1 (Mac OS X 0.0.0) LOG: 'DATASETS METHOD SERVICE: MISSING NEGATIVE UPDATE CASE'
,PhantomJS 2.1.1 (Mac OS X 0.0.0) LOG: 'COUNTRIES METHOD SERVICE: MISSING NEGATIVE DELETE CASE'
,PhantomJS 2.1.1 (Mac OS X 0.0.0) LOG: 'COUNTRIES METHOD SERVICE: CREATE ACTION NOT TESTED'
,PhantomJS 2.1.1 (Mac OS X 0.0.0) LOG: 'COMPANY GROUP METHOD SERVICE: MISSING NEGATIVE UPDATE CASE'
,PhantomJS 2.1.1 (Mac OS X 0.0.0) LOG: 'COMPANY GROUP METHOD SERVICE: MISSING NEGATIVE DELETE CASE'
,PhantomJS 2.1.1 (Mac OS X 0.0.0) LOG: 'PROJECTS METHOD SERVICE: MISSING NEGATIVE UPDATE CASE'
,PhantomJS 2.1.1 (Mac OS X 0.0.0) LOG: 'PROJECTS METHOD SERVICE: MISSING NEGATIVE DELETE CASE'
,PhantomJS 2.1.1 (Mac OS X 0.0.0) LOG: 'SITES METHOD SERVICE: MISSING NEGATIVE UPDATE CASE'
,PhantomJS 2.1.1 (Mac OS X 0.0.0) LOG: 'SITES METHOD SERVICE: MISSING NEGATIVE DELETE CASE'
,PhantomJS 2.1.1 (Mac OS X 0.0.0) LOG: 'SOURCES TYPE METHOD SERVICE: MISSING NEGATIVE UPDATE CASE'
,PhantomJS 2.1.1 (Mac OS X 0.0.0) LOG: 'SOURCE TYPE METHOD SERVICE: MISSING NEGATIVE DELETE CASE'
,PhantomJS 2.1.1 (Mac OS X 0.0.0) LOG: 'SOURCES METHOD SERVICE: MISSING NEGATIVE UPDATE CASE'
,PhantomJS 2.1.1 (Mac OS X 0.0.0) LOG: 'SOURCE METHOD SERVICE: MISSING NEGATIVE DELETE CASE'
,PhantomJS 2.1.1 (Mac OS X 0.0.0) LOG: 'USER METHOD SERVICE: MISSING NEGATIVE UPDATE CASE'
,PhantomJS 2.1.1 (Mac OS X 0.0.0) LOG: 'USER METHOD SERVICE: MISSING NEGATIVE DELETE CASE'
,PhantomJS 2.1.1 (Mac OS X 0.0.0) INFO: 'COMMODITY SERVICE: UPDATE MISSING'
,PhantomJS 2.1.1 (Mac OS X 0.0.0) INFO: 'COMPANY SERVICE: UPDATE MISSING'
,PhantomJS 2.1.1 (Mac OS X 0.0.0) INFO: 'CONCESSION SERVICE: UPDATE MISSING'
,PhantomJS 2.1.1 (Mac OS X 0.0.0) INFO: 'CONTRACT SERVICE: UPDATE MISSING'
,PhantomJS 2.1.1 (Mac OS X 0.0.0) ERROR: 'COUNTRY COMMODITY SERVICE: NO TEST'
,PhantomJS 2.1.1 (Mac OS X 0.0.0) ERROR: 'DATASET ACTION SERVICE: NO TEST'
,PhantomJS 2.1.1 (Mac OS X 0.0.0) INFO: 'DATASET SERVICE: UPDATE MISSING'
,PhantomJS 2.1.1 (Mac OS X 0.0.0) INFO: 'DATASET SERVICE: SAVE MISSING'
,PhantomJS 2.1.1 (Mac OS X 0.0.0) INFO: 'COMPANY GROUP SERVICE: UPDATE MISSING'
,PhantomJS 2.1.1 (Mac OS X 0.0.0) INFO: 'PROJECT SERVICE: UPDATE MISSING'
,PhantomJS 2.1.1 (Mac OS X 0.0.0) INFO: 'SITE SERVICE: UPDATE MISSING'
,PhantomJS 2.1.1 (Mac OS X 0.0.0) INFO: 'SITE SERVICE: MAP AND FIELD MISSING'
,PhantomJS 2.1.1 (Mac OS X 0.0.0) INFO: 'SOURCE SERVICE: TYPE UPDATE MISSING'
,PhantomJS 2.1.1 (Mac OS X 0.0.0) INFO: 'SOURCE SERVICE: TYPE DISPLAY MISSING'
,PhantomJS 2.1.1 (Mac OS X 0.0.0) INFO: 'SOURCE SERVICE: UPDATE MISSING'
,PhantomJS 2.1.1 (Mac OS X 0.0.0) LOG: 'MESSAGE'
,PhantomJS 2.1.1 (Mac OS X 0.0.0) LOG: 'MESSAGE'

]]>
  </system-out>
  <system-err/>
</testsuite>